ParticleVersion 1
NumFrames 50

ParticleFrame
{
	NumParticles 30
	0.03712227940559387 0.7042887210845947 1.1612462997436523
	-0.6128905415534973 0.07040297240018845 1.063826560974121
	-0.3009262681007385 -1.0247575044631958 -0.47361212968826294
	-0.9545885324478149 -1.0426663160324097 0.34423232078552246
	0.6574879884719849 18.330150604248047 -3.2912864685058594
	5.234442234039307 -0.2976010739803314 -20.797260284423828
	-5.3593950271606445 0.35146012902259827 13.746745109558105
	-8.436543464660645 0.430358350276947 -18.80242156982422
	-0.21852609515190125 -17.43490219116211 -4.163331031799316
	7.9296555519104 0.39329811930656433 12.129255294799805
	-0.3667266070842743 -16.98589324951172 -2.639296054840088
	-16.699222564697266 -0.6397902369499207 -4.588405609130859
	-16.476709365844727 0.6921699047088623 -1.2389792203903198
	-0.10120075941085815 16.18189811706543 -2.5899605751037598
	0.031549885869026184 -16.028160095214844 -2.335303783416748
	-15.132570266723633 0.8274072408676147 -7.147231101989746
	13.582842826843262 -0.0693521574139595 4.8464837074279785
	0.1464676856994629 15.23325252532959 -2.5951573848724365
	4.337332248687744 1.0397766828536987 -16.590572357177734
	-9.454313278198242 -0.1606166958808899 9.265021324157715
	-0.35144561529159546 14.490771293640137 -1.1983107328414917
	-9.11420726776123 0.9688470363616943 -13.109125137329102
	-1.4528770446777344 0.1393524557352066 -15.940115928649902
	-6.569998741149902 -0.40941739082336426 -14.09744644165039
	12.914693832397461 0.8102554678916931 -5.637141704559326
	-0.11560079455375671 13.314105987548828 -1.6752111911773682
	9.980945587158203 -0.8600202798843384 6.701420307159424
	-3.768432140350342 0.9957630038261414 -13.891890525817871
	-0.10857707262039185 12.586195945739746 -0.9776990413665771
	-7.927250385284424 -0.4664294123649597 -11.064432144165039
}
ParticleFrame
{
	NumParticles 30
	0.2724207639694214 0.6875960826873779 1.915705680847168
	-0.8730169534683228 0.059634141623973846 1.5517634153366089
	-0.2993262708187103 -1.3434010744094849 -0.48184531927108765
	-0.9541885256767273 -1.1223270893096924 0.3424094617366791
	0.570287823677063 0.9640781879425049 0.05812183767557144
	0.1755186915397644 -0.6564931869506836 -0.7799094915390015
	-0.5406516194343567 0.7053443193435669 1.1130404472351074
	-8.436543464660645 0.430358350276947 -18.80242156982422
	-0.21852609515190125 -17.43490219116211 -4.163331031799316
	7.9296555519104 0.39329811930656433 12.129255294799805
	-0.3667266070842743 -16.98589324951172 -2.639296054840088
	-16.699222564697266 -0.6397902369499207 -4.588405609130859
	-16.476709365844727 0.6921699047088623 -1.2389792203903198
	-0.10120075941085815 16.18189811706543 -2.5899605751037598
	0.031549885869026184 -16.028160095214844 -2.335303783416748
	-15.132570266723633 0.8274072408676147 -7.147231101989746
	13.582842826843262 -0.0693521574139595 4.8464837074279785
	0.1464676856994629 15.23325252532959 -2.5951573848724365
	4.337332248687744 1.0397766828536987 -16.590572357177734
	-9.454313278198242 -0.1606166958808899 9.265021324157715
	-0.35144561529159546 14.490771293640137 -1.1983107328414917
	-9.11420726776123 0.9688470363616943 -13.109125137329102
	-1.4528770446777344 0.1393524557352066 -15.940115928649902
	-6.569998741149902 -0.40941739082336426 -14.09744644165039
	12.914693832397461 0.8102554678916931 -5.637141704559326
	-0.11560079455375671 13.314105987548828 -1.6752111911773682
	9.980945587158203 -0.8600202798843384 6.701420307159424
	-3.768432140350342 0.9957630038261414 -13.891890525817871
	-0.10857707262039185 12.586195945739746 -0.9776990413665771
	-7.927250385284424 -0.4664294123649597 -11.064432144165039
}
ParticleFrame
{
	NumParticles 30
	0.5077192783355713 0.6709034442901611 2.6544690132141113
	-1.2446260452270508 0.04425009712576866 2.2354745864868164
	-0.29532626271247864 -2.140009880065918 -0.513415515422821
	-0.9501885175704956 -1.918936014175415 0.3155480921268463
	0.5734878182411194 1.601365327835083 0.0670541450381279
	0.2931680977344513 -0.6481468677520752 -1.163025140762329
	-0.5861114263534546 0.7020058035850525 1.2651878595352173
	-0.669940173625946 0.10883161425590515 -0.6911024451255798
	-0.3009262681007385 -1.0247575044631958 -0.47361212968826294
	0.22359275817871094 0.7055938839912415 1.101644515991211
	-0.4467267692089081 -1.053714632987976 0.848779022693634
	-16.699222564697266 -0.6397902369499207 -4.588405609130859
	-16.476709365844727 0.6921699047088623 -1.2389792203903198
	-0.10120075941085815 16.18189811706543 -2.5899605751037598
	0.031549885869026184 -16.028160095214844 -2.335303783416748
	-15.132570266723633 0.8274072408676147 -7.147231101989746
	13.582842826843262 -0.0693521574139595 4.8464837074279785
	0.1464676856994629 15.23325252532959 -2.5951573848724365
	4.337332248687744 1.0397766828536987 -16.590572357177734
	-9.454313278198242 -0.1606166958808899 9.265021324157715
	-0.35144561529159546 14.490771293640137 -1.1983107328414917
	-9.11420726776123 0.9688470363616943 -13.109125137329102
	-1.4528770446777344 0.1393524557352066 -15.940115928649902
	-6.569998741149902 -0.40941739082336426 -14.09744644165039
	12.914693832397461 0.8102554678916931 -5.637141704559326
	-0.11560079455375671 13.314105987548828 -1.6752111911773682
	9.980945587158203 -0.8600202798843384 6.701420307159424
	-3.768432140350342 0.9957630038261414 -13.891890525817871
	-0.10857707262039185 12.586195945739746 -0.9776990413665771
	-7.927250385284424 -0.4664294123649597 -11.064432144165039
}
ParticleFrame
{
	NumParticles 30
	0.7430177927017212 0.6542108058929443 3.3775362968444824
	-1.6162352561950684 0.028866052627563477 2.903489589691162
	-0.29132625460624695 -2.9366188049316406 -0.5606817007064819
	-0.9461885094642639 -2.7155449390411377 0.27299070358276367
	0.5774878263473511 2.3979742527008057 0.06409312784671783
	0.5284668803215027 -0.6314542293548584 -1.941028356552124
	-0.8134106397628784 0.6853131651878357 2.016507863998413
	-1.0043872594833374 0.1226772665977478 -1.3297516107559204
	-0.29852625727653503 -1.5027227401733398 -0.48690366744995117
	0.33747541904449463 0.700978696346283 1.3117021322250366
	-0.4467267692089081 -1.053714632987976 0.848779022693634
	-1.1566462516784668 -0.6734736561775208 -0.004458010196685791
	-1.1708219051361084 0.7253392338752747 0.19992834329605103
	-0.1776009202003479 0.9666671752929688 -0.06010821461677551
	0.031549885869026184 -16.028160095214844 -2.335303783416748
	-15.132570266723633 0.8274072408676147 -7.147231101989746
	13.582842826843262 -0.0693521574139595 4.8464837074279785
	0.1464676856994629 15.23325252532959 -2.5951573848724365
	4.337332248687744 1.0397766828536987 -16.590572357177734
	-9.454313278198242 -0.1606166958808899 9.265021324157715
	-0.35144561529159546 14.490771293640137 -1.1983107328414917
	-9.11420726776123 0.9688470363616943 -13.109125137329102
	-1.4528770446777344 0.1393524557352066 -15.940115928649902
	-6.569998741149902 -0.40941739082336426 -14.09744644165039
	12.914693832397461 0.8102554678916931 -5.637141704559326
	-0.11560079455375671 13.314105987548828 -1.6752111911773682
	9.980945587158203 -0.8600202798843384 6.701420307159424
	-3.768432140350342 0.9957630038261414 -13.891890525817871
	-0.10857707262039185 12.586195945739746 -0.9776990413665771
	-7.927250385284424 -0.4664294123649597 -11.064432144165039
}
ParticleFrame
{
	NumParticles 30
	0.9783163070678711 0.6375181674957275 4.084907531738281
	-1.987844467163086 0.013482009060680866 3.5558085441589355
	-0.28732624650001526 -3.7332277297973633 -0.6236438751220703
	-0.9421885013580322 -3.5121538639068604 0.21473732590675354
	0.5814878344535828 3.1945831775665283 0.04543611407279968
	0.7637656927108765 -0.6147615909576416 -2.734727621078491
	-1.0407098531723022 0.6686205267906189 2.752131938934326
	-1.37599515914917 0.13806132972240448 -2.0542728900909424
	-0.29452624917030334 -2.2993316650390625 -0.5216130614280701
	0.7170842885971069 0.6855946779251099 2.0016918182373047
	-0.4427267611026764 -1.8503235578536987 0.8234872221946716
	-1.7089202404022217 -0.6722767949104309 -0.06296101957559586
	-1.486406922340393 0.7246553301811218 0.2299049198627472
	-0.17720091342926025 1.0463279485702515 -0.05844231694936752
	-0.043650224804878235 -1.051911473274231 0.7664361000061035
	-1.100512146949768 0.7337296009063721 -0.18323561549186707
	0.7206330299377441 0.0803053081035614 0.6116143465042114
	0.1464676856994629 15.23325252532959 -2.5951573848724365
	4.337332248687744 1.0397766828536987 -16.590572357177734
	-9.454313278198242 -0.1606166958808899 9.265021324157715
	-0.35144561529159546 14.490771293640137 -1.1983107328414917
	-9.11420726776123 0.9688470363616943 -13.109125137329102
	-1.4528770446777344 0.1393524557352066 -15.940115928649902
	-6.569998741149902 -0.40941739082336426 -14.09744644165039
	12.914693832397461 0.8102554678916931 -5.637141704559326
	-0.11560079455375671 13.314105987548828 -1.6752111911773682
	9.980945587158203 -0.8600202798843384 6.701420307159424
	-3.768432140350342 0.9957630038261414 -13.891890525817871
	-0.10857707262039185 12.586195945739746 -0.9776990413665771
	-7.927250385284424 -0.4664294123649597 -11.064432144165039
}
ParticleFrame
{
	NumParticles 30
	1.213614821434021 0.6208255290985107 4.776582717895508
	-2.3594536781311035 -0.001902034506201744 4.192431449890137
	-0.28332623839378357 -4.529836654663086 -0.7023020386695862
	-0.9381884932518005 -4.308762550354004 0.14078794419765472
	0.5854878425598145 3.991192102432251 0.011083099991083145
	0.9990645051002502 -0.5980689525604248 -3.5441229343414307
	-1.268009066581726 0.6519278883934021 3.472059965133667
	-1.7476030588150024 0.15344539284706116 -2.794490337371826
	-0.29052624106407166 -3.095940589904785 -0.5720184445381165
	1.0966931581497192 0.6702106595039368 2.675985336303711
	-0.4387267529964447 -2.646932601928711 0.7824994325637817
	-2.4978833198547363 -0.670566976070404 -0.15987835824489594
	-2.2753701210021973 0.7229455709457397 0.29385921359062195
	-0.17320090532302856 1.8429368734359741 -0.05041613057255745
	-0.04045021906495094 -1.6891987323760986 0.7474583387374878
	-1.4797569513320923 0.7362614274024963 -0.3008197546005249
	0.861975908279419 0.07866071909666061 0.6864041090011597
	0.07486754655838013 0.9739527702331543 -0.39282357692718506
	0.19607341289520264 0.7459862232208252 -0.7429618835449219
	-0.778624951839447 0.07266037911176682 0.960736870765686
	-0.4194457530975342 0.9484193325042725 0.7732168436050415
	-9.11420726776123 0.9688470363616943 -13.109125137329102
	-1.4528770446777344 0.1393524557352066 -15.940115928649902
	-6.569998741149902 -0.40941739082336426 -14.09744644165039
	12.914693832397461 0.8102554678916931 -5.637141704559326
	-0.11560079455375671 13.314105987548828 -1.6752111911773682
	9.980945587158203 -0.8600202798843384 6.701420307159424
	-3.768432140350342 0.9957630038261414 -13.891890525817871
	-0.10857707262039185 12.586195945739746 -0.9776990413665771
	-7.927250385284424 -0.4664294123649597 -11.064432144165039
}
ParticleFrame
{
	NumParticles 30
	1.448913335800171 0.604132890701294 5.452561855316162
	-2.731062889099121 -0.01728607714176178 4.813358306884766
	-0.2793262302875519 -5.326445579528809 -0.7966562509536743
	-0.9341884851455688 -5.105371475219727 0.05114257335662842
	0.5894878506660461 4.7878007888793945 -0.03896591439843178
	1.234363317489624 -0.581376314163208 -4.369214057922363
	-1.49530827999115 0.6352352499961853 4.1762919425964355
	-2.119210958480835 0.16882945597171783 -3.550403594970703
	-0.28652623295783997 -3.892549514770508 -0.6381198167800903
	1.4763020277023315 0.6548266410827637 3.334583044052124
	-0.434726744890213 -3.4435415267944336 0.7258156538009644
	-3.286846399307251 -0.6688571572303772 -0.2724916934967041
	-3.064333438873291 0.7212358117103577 0.3421175181865692
	-0.16920089721679688 2.6395459175109863 -0.05808594450354576
	-0.03645021468400955 -2.4858076572418213 0.7096097469329834
	-2.2382466793060303 0.7413251399993896 -0.547760009765625
	1.5686907768249512 0.07043778151273727 1.0509355068206787
	0.07846755534410477 1.6909008026123047 -0.38348105549812317
	0.337252676486969 0.7560018301010132 -1.2031714916229248
	-0.9290704727172852 0.06861510872840881 1.1447666883468628
	-0.4194457530975342 0.9484193325042725 0.7732168436050415
	-0.7394264340400696 0.7436602115631104 -0.6367399096488953
	-0.23764440417289734 -0.14534813165664673 -0.8278349041938782
	-0.5871127843856812 -0.6571008563041687 -0.7521570920944214
	12.914693832397461 0.8102554678916931 -5.637141704559326
	-0.11560079455375671 13.314105987548828 -1.6752111911773682
	9.980945587158203 -0.8600202798843384 6.701420307159424
	-3.768432140350342 0.9957630038261414 -13.891890525817871
	-0.10857707262039185 12.586195945739746 -0.9776990413665771
	-7.927250385284424 -0.4664294123649597 -11.064432144165039
}
ParticleFrame
{
	NumParticles 30
	1.6842118501663208 0.5874402523040771 6.112844944000244
	-3.1026721000671387 -0.032670121639966965 5.418589115142822
	-0.2753262221813202 -6.123054504394531 -0.9067064523696899
	-0.9301884770393372 -5.901980400085449 -0.05419880151748657
	0.5934878587722778 5.584409713745117 -0.10471092164516449
	1.469662070274353 -0.5646836757659912 -5.210001468658447
	-1.7226074934005737 0.6185426115989685 4.864828109741211
	-2.490818977355957 0.1842135190963745 -4.322012901306152
	-0.2825262248516083 -4.6891584396362305 -0.7199171781539917
	1.8559108972549438 0.6394426226615906 3.977484703063965
	-0.4307267367839813 -4.240150451660156 0.6534358859062195
	-4.075809478759766 -0.6671473383903503 -0.40080103278160095
	-3.8532967567443848 0.7195260524749756 0.374679833650589
	-0.16520088911056519 3.436154842376709 -0.08145175874233246
	-0.03245021030306816 -3.282416582107544 0.6560651659965515
	-2.9967362880706787 0.7463887929916382 -0.8103962540626526
	2.2754056453704834 0.062214843928813934 1.399770975112915
	0.08246756345033646 2.4875097274780273 -0.3880116641521454
	0.5725514888763428 0.77269446849823 -1.9827444553375244
	-1.4305553436279297 0.05513088405132294 1.7479966878890991
	-0.4154457449913025 1.7450282573699951 0.7828126549720764
	-1.0904651880264282 0.7530992031097412 -1.0716369152069092
	-0.26728421449661255 -0.1384042203426361 -1.1461995840072632
	-0.6242737174034119 -0.6555624604225159 -0.8224905133247375
	0.8041520118713379 0.7302497625350952 -0.024321839213371277
	-0.1776009202003479 0.9666671752929688 -0.06010821461677551
	0.5579384565353394 -0.6918140649795532 0.8330970406532288
	-3.768432140350342 0.9957630038261414 -13.891890525817871
	-0.10857707262039185 12.586195945739746 -0.9776990413665771
	-7.927250385284424 -0.4664294123649597 -11.064432144165039
}
ParticleFrame
{
	NumParticles 30
	1.9195103645324707 0.5707476139068604 6.757431983947754
	-3.4742813110351562 -0.04805416613817215 6.008124351501465
	-0.2713262140750885 -6.919663429260254 -1.0324525833129883
	-0.9261884689331055 -6.698589324951172 -0.17523618042469025
	0.5974878668785095 6.38101863861084 -0.186151921749115
	1.704960823059082 -0.5479910373687744 -6.0664849281311035
	-1.9499067068099976 0.6018499732017517 5.537668228149414
	-2.8624267578125 0.1995975822210312 -5.109318256378174
	-0.2785262167453766 -5.485767364501953 -0.8174105882644653
	2.2355198860168457 0.6240586042404175 4.604690074920654
	-0.42672672867774963 -5.036759376525879 0.5653601288795471
	-4.864772796630859 -0.6654375195503235 -0.5448063611984253
	-4.6422600746154785 0.7178162932395935 0.3915461301803589
	-0.1612008810043335 4.232763767242432 -0.12051357328891754
	-0.02845020405948162 -4.0790252685546875 0.5868245959281921
	-3.755225896835327 0.7514524459838867 -1.088728427886963
	2.9821205139160156 0.053991906344890594 1.732910394668579
	0.08646757155656815 3.28411865234375 -0.4082382917404175
	0.8078503012657166 0.7893871068954468 -2.778013229370117
	-1.9320402145385742 0.04164665937423706 2.3355307579040527
	-0.4114457368850708 2.5416371822357178 0.7767124176025391
	-1.5919489860534668 0.7665834426879883 -1.7062597274780273
	-0.34138378500938416 -0.12104442715644836 -1.9530991315841675
	-0.9958816170692444 -0.640178382396698 -1.5344550609588623
	1.4173434972763062 0.7343006730079651 -0.21433912217617035
	-0.17560091614723206 1.36497163772583 -0.053348321467638016
	0.6819252967834473 -0.694027304649353 0.9338557124137878
	-0.3816988170146942 0.7470418214797974 -0.7911678552627563
	-0.166977196931839 0.9557049870491028 0.44050148129463196
	-0.7560305595397949 -0.6592540144920349 -0.6538304686546326
}
ParticleFrame
{
	NumParticles 30
	2.154808759689331 0.5540549755096436 7.386322975158691
	-3.845890522003174 -0.06343820691108704 6.581963539123535
	-0.2673262059688568 -7.716272354125977 -1.1738947629928589
	-0.9221884608268738 -7.4951982498168945 -0.3119695782661438
	0.6014878749847412 7.1776275634765625 -0.2832889258861542
	1.940259575843811 -0.5312983989715576 -6.938664436340332
	-2.177206039428711 0.5851573348045349 6.194811820983887
	-3.234034538269043 0.21498164534568787 -5.912319660186768
	-0.2745262086391449 -6.282376289367676 -0.9305999875068665
	2.615128755569458 0.6086745858192444 5.21619987487793
	-0.42272672057151794 -5.833368301391602 0.4615883529186249
	-5.653736114501953 -0.6637277007102966 -0.7045077085494995
	-5.431223392486572 0.7161065340042114 0.3927164375782013
	-0.1572008728981018 5.029372692108154 -0.1752713918685913
	-0.02445019781589508 -4.87563419342041 0.5018880367279053
	-4.513715744018555 0.7565160989761353 -1.3827567100524902
	3.688835382461548 0.045768968760967255 2.05035400390625
	0.09046757966279984 4.080727577209473 -0.44416090846061707
	1.0431491136550903 0.8060797452926636 -3.5889782905578613
	-2.4335250854492188 0.028162434697151184 2.9073686599731445
	-0.4074457287788391 3.3382461071014404 0.7549161911010742
	-2.093432903289795 0.7800676822662354 -2.3565785884857178
	-0.41548335552215576 -0.10368463397026062 -2.7756948471069336
	-1.3674895763397217 -0.6247943043708801 -2.262115478515625
	2.183833599090576 0.7393643260002136 -0.46598732471466064
	-0.17160090804100037 2.1615805625915527 -0.051600534468889236
	1.3018598556518555 -0.705093502998352 1.428231954574585
	-0.5862666964530945 0.7620652318000793 -1.4836020469665527
	-0.1645771861076355 1.4336706399917603 0.44814246892929077
	-0.9064757823944092 -0.6552087664604187 -0.83927321434021
}
ParticleFrame
{
	NumParticles 30
	2.3901071548461914 0.5373623371124268 7.999517917633057
	-4.217499732971191 -0.07882224768400192 7.140106678009033
	-0.2633261978626251 -8.5128812789917 -1.3310329914093018
	-0.9181884527206421 -8.291807174682617 -0.46439895033836365
	0.6054878830909729 7.974236488342285 -0.39612191915512085
	2.17555832862854 -0.5146057605743408 -7.826539993286133
	-2.4045052528381348 0.5684646964073181 6.836259841918945
	-3.605642318725586 0.23036570847034454 -6.731017112731934
	-0.2705262005329132 -7.078985214233398 -1.0594853162765503
	2.9947376251220703 0.5932905673980713 5.812013626098633
	-0.41872671246528625 -6.629977226257324 0.34212058782577515
	-6.442699432373047 -0.6620178818702698 -0.8799050450325012
	-6.220186710357666 0.7143967747688293 0.3781907558441162
	-0.15320086479187012 5.825981616973877 -0.24572521448135376
	-0.02045019157230854 -5.672243118286133 0.40125545859336853
	-5.272205352783203 0.7615797519683838 -1.6924809217453003
	4.39555025100708 0.037546031177043915 2.3521015644073486
	0.09446758776903152 4.877336502075195 -0.49577951431274414
	1.2784478664398193 0.8227723836898804 -4.415639400482178
	-2.9350099563598633 0.014678210951387882 3.463510751724243
	-0.4034457206726074 4.134855270385742 0.7174239754676819
	-2.594916820526123 0.7935519218444824 -3.0225934982299805
	-0.48958292603492737 -0.08632484078407288 -3.6139864921569824
	-1.7390974760055542 -0.6094102263450623 -3.00547194480896
	2.9503235816955566 0.7444279789924622 -0.733331561088562
	-0.16760089993476868 2.9581894874572754 -0.06554874777793884
	1.9217944145202637 -0.7161597013473511 1.9069122076034546
	-0.8135641813278198 0.7787579298019409 -2.2678840160369873
	-0.1605771780014038 2.2302794456481934 0.4483206570148468
	-1.4079595804214478 -0.6417245268821716 -1.4676176309585571
}
ParticleFrame
{
	NumParticles 30
	2.6254055500030518 0.52066969871521 8.597017288208008
	-4.589108943939209 -0.09420628845691681 7.682553768157959
	-0.25932618975639343 -9.309490203857422 -1.5038671493530273
	-0.9141884446144104 -9.08841609954834 -0.632524311542511
	0.6094878911972046 8.770845413208008 -0.5246509313583374
	2.4108572006225586 -0.49791309237480164 -8.730111122131348
	-2.6318044662475586 0.5517720580101013 7.462011814117432
	-3.977250099182129 0.24574977159500122 -7.565410614013672
	-0.2665261924266815 -7.875594139099121 -1.2040667533874512
	3.3743464946746826 0.5779065489768982 6.392131328582764
	-0.41472670435905457 -7.426586151123047 0.20695680379867554
	-7.231662750244141 -0.6603080630302429 -1.0709984302520752
	-7.00915002822876 0.7126870155334473 0.34796905517578125
	-0.14920085668563843 6.6225905418396 -0.3318750262260437
	-0.016450185328722 -6.4688520431518555 0.2849268913269043
	-6.030694961547852 0.7666434049606323 -2.0179011821746826
	5.102265357971191 0.029323093593120575 2.638153076171875
	0.09846759587526321 5.673945426940918 -0.5630941390991211
	1.5137466192245483 0.8394650220870972 -5.257996559143066
	-3.436494827270508 0.0011939872056245804 4.0039567947387695
	-0.39944571256637573 4.931464195251465 0.6642357707023621
	-3.096400737762451 0.8070361614227295 -3.7043044567108154
	-0.563682496547699 -0.06896504759788513 -4.4679741859436035
	-2.1107053756713867 -0.5940261483192444 -3.764524459838867
	3.716813564300537 0.7494916319847107 -1.016371726989746
	-0.163600891828537 3.754798412322998 -0.09519296139478683
	2.541728973388672 -0.7272258996963501 2.369896411895752
	-1.04086172580719 0.7954506278038025 -3.067862033843994
	-0.15657716989517212 3.026888370513916 0.43280282616615295
	-1.9094433784484863 -0.6282402873039246 -2.1116580963134766
}
ParticleFrame
{
	NumParticles 30
	2.860703945159912 0.5039770603179932 9.178820610046387
	-4.960718154907227 -0.1095903292298317 8.209304809570312
	-0.25532618165016174 -10.106099128723145 -1.6923973560333252
	-0.9101884365081787 -9.885025024414062 -0.8163456916809082
	0.6134878993034363 9.56745433807373 -0.6688759326934814
	2.646156072616577 -0.48122042417526245 -9.649378776550293
	-2.8591036796569824 0.5350794196128845 8.072067260742188
	-4.348857879638672 0.2611338198184967 -8.41550064086914
	-0.26252618432044983 -8.672203063964844 -1.3643441200256348
	3.753955364227295 0.5625225305557251 6.956552982330322
	-0.4107266962528229 -8.22319507598877 0.056097015738487244
	-8.020626068115234 -0.6585982441902161 -1.277787685394287
	-7.7981133460998535 0.7109772562980652 0.3020513653755188
	-0.14520084857940674 7.419199466705322 -0.43372082710266113
	-0.01245017908513546 -7.265460968017578 0.15290230512619019
	-6.7891845703125 0.7717070579528809 -2.3590173721313477
	5.808980464935303 0.021100156009197235 2.908508539199829
	0.1024676039814949 6.470554351806641 -0.6461047530174255
	1.7490453720092773 0.856157660484314 -6.116049766540527
	-3.9379796981811523 -0.012290236540138721 4.528707027435303
	-0.39544570446014404 5.7280731201171875 0.5953515768051147
	-3.5978846549987793 0.8205204010009766 -4.401711463928223
	-0.637782096862793 -0.05160525441169739 -5.337657928466797
	-2.4823131561279297 -0.5786420702934265 -4.539273262023926
	4.483303546905518 0.7545552849769592 -1.3151079416275024
	-0.1596008837223053 4.551407337188721 -0.1405331790447235
	3.16166353225708 -0.7382920980453491 2.8171846866607666
	-1.26815927028656 0.8121433258056641 -3.8835361003875732
	-0.15257716178894043 3.8234972953796387 0.4015890061855316
	-2.4109272956848145 -0.6147560477256775 -2.7713944911956787
}
ParticleFrame
{
	NumParticles 30
	3.0960023403167725 0.487284392118454 9.744927406311035
	-5.332327365875244 -0.12497437000274658 8.720359802246094
	-0.25132617354393005 -10.902708053588867 -1.8966234922409058
	-0.906188428401947 -10.681633949279785 -1.015863060951233
	0.617487907409668 10.364063262939453 -0.8287969827651978
	2.8814549446105957 -0.46452775597572327 -10.584342002868652
	-3.0864028930664062 0.5183867812156677 8.666426658630371
	-4.720465660095215 0.2765178680419922 -9.281286239624023
	-0.25852617621421814 -9.468811988830566 -1.5403175354003906
	4.133564472198486 0.547138512134552 7.505278587341309
	-0.4067266881465912 -9.019804000854492 -0.11045876145362854
	-8.809589385986328 -0.6568884253501892 -1.5002729892730713
	-8.587076187133789 0.7092674970626831 0.24043767154216766
	-0.14120084047317505 8.215808868408203 -0.551262617111206
	-0.00845017284154892 -8.0620698928833 0.005181729793548584
	-7.547674179077148 0.7767707109451294 -2.715829610824585
	6.515695571899414 0.012877218425273895 3.163167953491211
	0.10646761208772659 7.267163276672363 -0.7448113560676575
	1.9843441247940063 0.8728502988815308 -6.9897990226745605
	-4.439464569091797 -0.025774460285902023 5.037761211395264
	-0.39144569635391235 6.52468204498291 0.5107713937759399
	-4.099368572235107 0.8340046405792236 -5.114814281463623
	-0.7118816375732422 -0.034245461225509644 -6.2230377197265625
	-2.8539209365844727 -0.5632579922676086 -5.329717636108398
	5.249793529510498 0.7596189379692078 -1.6295400857925415
	-0.1556008756160736 5.348016262054443 -0.20156939327716827
	3.7815980911254883 -0.7493582963943481 3.248776912689209
	-1.4954568147659302 0.8288360238075256 -4.714906215667725
	-0.14857715368270874 4.620106220245361 0.3546791672706604
	-2.9124112129211426 -0.6012718081474304 -3.446826934814453
}
ParticleFrame
{
	NumParticles 30
	3.331300735473633 0.4705917239189148 10.29533863067627
	-5.703936576843262 -0.14035841822624207 9.215719223022461
	-0.24732616543769836 -11.69931697845459 -2.1165456771850586
	-0.9021884202957153 -11.478242874145508 -1.2310764789581299
	0.6214879155158997 11.160672187805176 -1.0044139623641968
	3.1167538166046143 -0.4478350877761841 -11.535001754760742
	-3.31370210647583 0.5016941428184509 9.24509048461914
	-5.092073440551758 0.29190191626548767 -10.16276741027832
	-0.25452616810798645 -10.265420913696289 -1.7319868803024292
	4.513173580169678 0.5317544937133789 8.038308143615723
	-0.4027266800403595 -9.816412925720215 -0.292710542678833
	-9.598552703857422 -0.6551786065101624 -1.7384543418884277
	-9.376039505004883 0.707557737827301 0.16312797367572784
	-0.13720083236694336 9.012417793273926 -0.6845004558563232
	-0.004450167063623667 -8.858678817749023 -0.1582348644733429
	-8.306163787841797 0.7818343639373779 -3.0883378982543945
	7.222410678863525 0.004654280841350555 3.4021315574645996
	0.11046762019395828 8.063772201538086 -0.8592139482498169
	2.2196428775787354 0.8895429372787476 -7.879243850708008
	-4.940949440002441 -0.0392586849629879 5.531119346618652
	-0.38744568824768066 7.321290969848633 0.41049519181251526
	-4.6008524894714355 0.8474888801574707 -5.843613147735596
	-0.7859811782836914 -0.01688566990196705 -7.1241135597229
	-3.2255287170410156 -0.5478739142417908 -6.135858535766602
	6.0162835121154785 0.7646825909614563 -1.9596682786941528
	-0.15160086750984192 6.144625186920166 -0.2783015966415405
	4.4015326499938965 -0.7604244947433472 3.664673328399658
	-1.7227543592453003 0.8455287218093872 -5.561972618103027
	-0.14457714557647705 5.416715145111084 0.2920733392238617
	-3.4138951301574707 -0.5877875685691833 -4.137955188751221
}
ParticleFrame
{
	NumParticles 30
	3.566599130630493 0.4538990557193756 10.830053329467773
	-6.075545787811279 -0.15574246644973755 9.695382118225098
	-0.24332615733146667 -12.495925903320312 -2.352163791656494
	-0.8981884121894836 -12.27485179901123 -1.4619858264923096
	0.6254879236221313 11.957281112670898 -1.195726990699768
	3.352052688598633 -0.4311424195766449 -12.501357078552246
	-3.541001319885254 0.48500147461891174 9.808058738708496
	-5.463681221008301 0.30728596448898315 -11.059945106506348
	-0.25052616000175476 -11.062029838562012 -1.93935227394104
	4.892782688140869 0.5163704752922058 8.555642127990723
	-0.3987266719341278 -10.613021850585938 -0.49065831303596497
	-10.387516021728516 -0.6534687876701355 -1.992331624031067
	-10.165002822875977 0.705847978591919 0.07012227922677994
	-0.13320082426071167 9.809026718139648 -0.8334342837333679
	-0.00045016128569841385 -9.655287742614746 -0.33734744787216187
	-9.064653396606445 0.7868980169296265 -3.4765419960021973
	7.929125785827637 -0.0035686567425727844 3.625399112701416
	0.11446762830018997 8.860381126403809 -0.9893125295639038
	2.454941749572754 0.9062355756759644 -8.784384727478027
	-5.442434310913086 -0.052742909640073776 6.008781433105469
	-0.383445680141449 8.117899894714355 0.2945229709148407
	-5.102336406707764 0.8609731197357178 -6.588108062744141
	-0.8600807189941406 0.00047412142157554626 -8.040884971618652
	-3.5971364974975586 -0.5324898362159729 -6.957695007324219
	6.782773494720459 0.7697462439537048 -2.305492401123047
	-0.14760085940361023 6.941234111785889 -0.37072980403900146
	5.021467208862305 -0.7714906930923462 4.064873695373535
	-1.9500519037246704 0.8622214198112488 -6.424735069274902
	-0.14057713747024536 6.213324069976807 0.2137715220451355
	-3.915379047393799 -0.5743033289909363 -4.8447794914245605
}
ParticleFrame
{
	NumParticles 30
	3.8018975257873535 0.4372063875198364 11.349072456359863
	-6.447154998779297 -0.17112651467323303 10.15934944152832
	-0.23932614922523499 -13.292534828186035 -2.603477954864502
	-0.894188404083252 -13.071460723876953 -1.7085912227630615
	0.629487931728363 12.753890037536621 -1.402735948562622
	3.5873515605926514 -0.4144497513771057 -13.48340892791748
	-3.7683005332946777 0.46830880641937256 10.355330467224121
	-5.835289001464844 0.32267001271247864 -11.972818374633789
	-0.24652615189552307 -11.858638763427734 -2.1624135971069336
	5.2723917961120605 0.5009864568710327 9.057279586791992
	-0.3947266638278961 -11.40963077545166 -0.7043020725250244
	-11.17647933959961 -0.6517589688301086 -2.2619049549102783
	-10.95396614074707 0.7041382193565369 -0.038579411804676056
	-0.12920081615447998 10.605635643005371 -0.9980641007423401
	0.003549844492226839 -10.451896667480469 -0.5321559906005859
	-9.823143005371094 0.791961669921875 -3.8804421424865723
	8.63584041595459 -0.011791594326496124 3.83297061920166
	0.11846763640642166 9.656990051269531 -1.135107159614563
	2.6902406215667725 0.9229282140731812 -9.705222129821777
	-5.9439191818237305 -0.06622713059186935 6.470747470855713
	-0.3794456720352173 8.914508819580078 0.16285476088523865
	-5.603820323944092 0.8744573593139648 -7.348299026489258
	-0.9341802597045898 0.01783391274511814 -8.973352432250977
	-3.9687442779541016 -0.517105758190155 -7.795227527618408
	7.5492634773254395 0.7748098969459534 -2.6670126914978027
	-0.14360085129737854 7.737843036651611 -0.4788540005683899
	5.641401767730713 -0.7825568914413452 4.44937801361084
	-2.177349328994751 0.8789141178131104 -7.303193092346191
	-0.13657712936401367 7.009932994842529 0.11977370083332062
	-4.416862964630127 -0.5608190894126892 -5.567299842834473
}
ParticleFrame
{
	NumParticles 30
	4.037196159362793 0.42051371932029724 11.852396011352539
	-6.8187642097473145 -0.18651056289672852 10.607620239257812
	-0.2353261411190033 -14.089143753051758 -2.870488166809082
	-0.8901883959770203 -13.868069648742676 -1.9708925485610962
	0.6334879398345947 13.550498962402344 -1.6254409551620483
	3.82265043258667 -0.39775708317756653 -14.481156349182129
	-3.9955997467041016 0.4516161382198334 10.886906623840332
	-6.206896781921387 0.3380540609359741 -12.901388168334961
	-0.24252614378929138 -12.655247688293457 -2.4011709690093994
	5.652000904083252 0.48560240864753723 9.543221473693848
	-0.39072665572166443 -12.206239700317383 -0.933641791343689
	-11.965442657470703 -0.6500491499900818 -2.5471742153167725
	-11.742929458618164 0.7024284601211548 -0.16297709941864014
	-0.1252008080482483 11.402244567871094 -1.1783899068832397
	0.007549850270152092 -11.248505592346191 -0.7426605224609375
	-10.581632614135742 0.7970253229141235 -4.3000383377075195
	9.342555046081543 -0.020014531910419464 4.024846076965332
	0.12246764451265335 10.453598976135254 -1.2965977191925049
	2.925539493560791 0.939620852470398 -10.641755104064941
	-6.445404052734375 -0.07971135526895523 6.917017459869385
	-0.3754456639289856 9.7111177444458 0.015490546822547913
	-6.10530424118042 0.8879415988922119 -8.124186515808105
	-1.008279800415039 0.035193704068660736 -9.921516418457031
	-4.3403520584106445 -0.5017216801643372 -8.648456573486328
	8.315753936767578 0.7798735499382019 -3.0442287921905518
	-0.13960084319114685 8.534452438354492 -0.6026741862297058
	6.261336326599121 -0.7936230897903442 4.818186283111572
	-2.404646873474121 0.8956068158149719 -8.197347640991211
	-0.13257712125778198 7.806541919708252 0.01007988303899765
	-4.918346881866455 -0.5473348498344421 -6.305516242980957
}
ParticleFrame
{
	NumParticles 30
	4.272494792938232 0.40382105112075806 12.340023040771484
	-7.190373420715332 -0.201894611120224 11.04019546508789
	-0.2313261330127716 -14.88575267791748 -3.1531941890716553
	-0.8861883878707886 -14.664678573608398 -2.248889923095703
	0.6374879479408264 14.347107887268066 -1.8638418912887573
	4.057949066162109 -0.38106441497802734 -15.494600296020508
	-4.222898960113525 0.4349234700202942 11.402786254882812
	-6.57850456237793 0.3534381091594696 -13.845653533935547
	-0.2385261356830597 -13.45185661315918 -2.6556243896484375
	6.031610012054443 0.47021836042404175 10.013466835021973
	-0.38672664761543274 -13.002848625183105 -1.1786775588989258
	-12.754405975341797 -0.6483393311500549 -2.848139524459839
	-12.531892776489258 0.7007187008857727 -0.3030707836151123
	-0.1212007999420166 12.198853492736816 -1.374411702156067
	0.011549856513738632 -12.045114517211914 -0.9688611030578613
	-11.34012222290039 0.8020889759063721 -4.735330581665039
	10.049269676208496 -0.028237469494342804 4.201025485992432
	0.12646764516830444 11.250207901000977 -1.473784327507019
	3.1608383655548096 0.9563134908676147 -11.593984603881836
	-6.9468889236450195 -0.09319557994604111 7.347591400146484
	-0.3714456558227539 10.507726669311523 -0.1475696712732315
	-6.606788158416748 0.901425838470459 -8.915769577026367
	-1.0823793411254883 0.05255349725484848 -10.8853759765625
	-4.7119598388671875 -0.4863376319408417 -9.51738166809082
	9.082243919372559 0.7849372029304504 -3.437140941619873
	-0.13560083508491516 9.331061363220215 -0.7421903610229492
	6.881270885467529 -0.8046892881393433 5.171298503875732
	-2.631944417953491 0.9122995138168335 -9.107197761535645
	-0.1285771131515503 8.603151321411133 -0.1153099313378334
	-5.419830799102783 -0.5338506102561951 -7.059428691864014
}
ParticleFrame
{
	NumParticles 30
	4.507793426513672 0.38712838292121887 12.811954498291016
	-7.56198263168335 -0.21727865934371948 11.457074165344238
	-0.22732612490653992 -15.682361602783203 -3.451596260070801
	-0.8821883797645569 -15.461287498474121 -2.5425832271575928
	0.6414879560470581 15.143716812133789 -2.117938756942749
	4.293247699737549 -0.36437174677848816 -16.523740768432617
	-4.450198173522949 0.418230801820755 11.902970314025879
	-6.950112342834473 0.3688221573829651 -14.805615425109863
	-0.234526127576828 -14.248465538024902 -2.9257736206054688
	6.411219120025635 0.45483431220054626 10.468016624450684
	-0.38272663950920105 -13.799457550048828 -1.4394092559814453
	-13.54336929321289 -0.6466295123100281 -3.1648008823394775
	-13.320856094360352 0.6990089416503906 -0.45886048674583435
	-0.11720079183578491 12.995462417602539 -1.5861294269561768
	0.015549862757325172 -12.841723442077637 -1.2107576131820679
	-12.098611831665039 0.8071526288986206 -5.186318874359131
	10.75598430633545 -0.036460407078266144 4.361508846282959
	0.13046765327453613 12.0468168258667 -1.6666669845581055
	3.396137237548828 0.9730061292648315 -12.561909675598145
	-7.448373794555664 -0.10667980462312698 7.762469291687012
	-0.3674456477165222 11.304335594177246 -0.3263258934020996
	-7.108272075653076 0.914910078048706 -9.72304916381836
	-1.1564788818359375 0.06991329044103622 -11.8649320602417
	-5.0835676193237305 -0.4709535837173462 -10.402002334594727
	9.848733901977539 0.790000855922699 -3.8457491397857666
	-0.13160082697868347 10.127670288085938 -0.8974025845527649
	7.5012054443359375 -0.8157554864883423 5.50871467590332
	-2.8592419624328613 0.9289922118186951 -10.032744407653809
	-0.1245771050453186 9.399760246276855 -0.25639575719833374
	-5.921314716339111 -0.520366370677948 -7.829037189483643
}
ParticleFrame
{
	NumParticles 30
	4.743092060089111 0.3704357147216797 13.268189430236816
	-7.933591842651367 -0.23266270756721497 11.858257293701172
	-0.22332611680030823 -16.47896957397461 -3.7656943798065186
	-0.8781883716583252 -16.257896423339844 -2.8519725799560547
	0.6454879641532898 15.940325736999512 -2.3877317905426025
	4.528546333312988 -0.347679078578949 -17.56857681274414
	-4.677497386932373 0.4015381336212158 12.387457847595215
	-7.321720123291016 0.38420620560646057 -15.781272888183594
	-0.2305261194705963 -15.045074462890625 -3.2116189002990723
	6.790828227996826 0.4394502639770508 10.906869888305664
	-0.37872663140296936 -14.59606647491455 -1.715837001800537
	-14.332332611083984 -0.6449196934700012 -3.4971580505371094
	-14.109819412231445 0.6972991824150085 -0.6303461790084839
	-0.11320078372955322 13.792071342468262 -1.8135432004928589
	0.019549869000911713 -13.63833236694336 -1.4683501720428467
	-12.857101440429688 0.8122162818908691 -5.653003215789795
	11.462698936462402 -0.044683344662189484 4.506296634674072
	0.13446766138076782 12.843425750732422 -1.8752455711364746
	3.6314361095428467 0.9896987676620483 -13.545531272888184
	-7.949858665466309 -0.12016402930021286 8.161651611328125
	-0.3634456396102905 12.100944519042969 -0.5207781195640564
	-7.609755992889404 0.9283943176269531 -10.546024322509766
	-1.2305784225463867 0.08727308362722397 -12.860183715820312
	-5.455175399780273 -0.4555695354938507 -11.302319526672363
	10.61522388458252 0.7950645089149475 -4.270053386688232
	-0.12760081887245178 10.92427921295166 -1.0683107376098633
	8.121140480041504 -0.8268216848373413 5.830434799194336
	-3.0865395069122314 0.9456849098205566 -10.973986625671387
	-0.12057709693908691 10.196369171142578 -0.41317757964134216
	-6.4227986335754395 -0.5068821310997009 -8.614341735839844
}
ParticleFrame
{
	NumParticles 30
	4.978390693664551 0.3537430465221405 13.708728790283203
	-8.305200576782227 -0.24804675579071045 12.243743896484375
	-0.21932610869407654 -17.275577545166016 -4.095488548278809
	-0.8741883635520935 -17.05450439453125 -3.1770577430725098
	0.6494879722595215 16.736934661865234 -2.673220634460449
	4.763844966888428 -0.3309864103794098 -18.629108428955078
	-4.904796600341797 0.38484546542167664 12.856249809265137
	-7.693327903747559 0.39959025382995605 -16.772626876831055
	-0.22652611136436462 -15.841683387756348 -3.513160228729248
	7.170437335968018 0.4240662157535553 11.33002758026123
	-0.37472662329673767 -15.392675399780273 -2.007960796356201
	-15.121295928955078 -0.6432098746299744 -3.8452112674713135
	-14.898782730102539 0.6955894231796265 -0.8175278902053833
	-0.10920077562332153 14.588680267333984 -2.0566530227661133
	0.023549875244498253 -14.434941291809082 -1.7416386604309082
	-13.615591049194336 0.8172799348831177 -6.135383129119873
	12.169413566589355 -0.052906282246112823 4.635388374328613
	0.1384676694869995 13.640034675598145 -2.099520206451416
	3.8667349815368652 1.0063914060592651 -14.544848442077637
	-8.451343536376953 -0.13364824652671814 8.545137405395508
	-0.35944563150405884 12.897553443908691 -0.7309263348579407
	-8.111239433288574 0.9418785572052002 -11.384695053100586
	-1.304677963256836 0.10463287681341171 -13.871131896972656
	-5.826783180236816 -0.4401854872703552 -12.218332290649414
	11.3817138671875 0.800128161907196 -4.710053443908691
	-0.12360081076622009 11.720888137817383 -1.2549148797988892
	8.74107551574707 -0.8378878831863403 6.1364593505859375
	-3.3138370513916016 0.9623776078224182 -11.930925369262695
	-0.11657708883285522 10.9929780960083 -0.5856553912162781
	-6.924282550811768 -0.49339789152145386 -9.415342330932617
}
ParticleFrame
{
	NumParticles 30
	5.21368932723999 0.3370503783226013 14.13357162475586
	-8.676809310913086 -0.26343080401420593 12.613534927368164
	-0.21532610058784485 -18.072185516357422 -4.440978527069092
	-0.8701883554458618 -17.851112365722656 -3.517838954925537
	0.6534879803657532 17.53354263305664 -2.974405527114868
	4.999143600463867 -0.3142937421798706 -19.70533561706543
	-5.132095813751221 0.36815279722213745 13.309345245361328
	-8.064935684204102 0.41497430205345154 -17.77967643737793
	-0.22252610325813293 -16.63829231262207 -3.830397605895996
	7.550046443939209 0.4086821675300598 11.737489700317383
	-0.370726615190506 -16.189285278320312 -2.3157804012298584
	-15.910259246826172 -0.6415000557899475 -4.20896053314209
	-15.687746047973633 0.6938796639442444 -1.0204055309295654
	-0.10520076751708984 15.385289192199707 -2.3154587745666504
	0.027549881488084793 -15.231550216674805 -2.030623197555542
	-14.374080657958984 0.8223435878753662 -6.633459091186523
	12.876128196716309 -0.06112921983003616 4.748784065246582
	0.1424676775932312 14.436643600463867 -2.3394908905029297
	4.102033615112305 1.023084044456482 -15.55986213684082
	-8.952828407287598 -0.14713247120380402 8.912927627563477
	-0.35544562339782715 13.694162368774414 -0.9567705392837524
	-8.612723350524902 0.9553627967834473 -12.239062309265137
	-1.3787775039672852 0.12199266999959946 -14.897775650024414
	-6.198390960693359 -0.42480143904685974 -13.150041580200195
	12.14820384979248 0.8051918148994446 -5.165749549865723
	-0.1196008026599884 12.517497062683105 -1.4572150707244873
	9.361010551452637 -0.8489540815353394 6.426787853240967
	-3.5411345958709717 0.9790703058242798 -12.903559684753418
	-0.11257708072662354 11.789587020874023 -0.7738292217254639
	-7.425766468048096 -0.4799136519432068 -10.232039451599121
}
ParticleFrame
{
	NumParticles 30
	5.44898796081543 0.32035771012306213 14.542718887329102
	-9.048418045043945 -0.2788148522377014 12.967630386352539
	-0.21132609248161316 -18.868793487548828 -4.802164554595947
	-0.8661883473396301 -18.647720336914062 -3.8743162155151367
	0.6574879884719849 18.330150604248047 -3.2912864685058594
	5.234442234039307 -0.2976010739803314 -20.797260284423828
	-5.3593950271606445 0.35146012902259827 13.746745109558105
	-8.436543464660645 0.430358350276947 -18.80242156982422
	-0.21852609515190125 -17.43490219116211 -4.163331031799316
	7.9296555519104 0.39329811930656433 12.129255294799805
	-0.3667266070842743 -16.98589324951172 -2.639296054840088
	-16.699222564697266 -0.6397902369499207 -4.588405609130859
	-16.476709365844727 0.6921699047088623 -1.2389792203903198
	-0.10120075941085815 16.18189811706543 -2.5899605751037598
	0.031549885869026184 -16.028160095214844 -2.335303783416748
	-15.132570266723633 0.8274072408676147 -7.147231101989746
	13.582842826843262 -0.0693521574139595 4.8464837074279785
	0.1464676856994629 15.23325252532959 -2.5951573848724365
	4.337332248687744 1.0397766828536987 -16.590572357177734
	-9.454313278198242 -0.1606166958808899 9.265021324157715
	-0.35144561529159546 14.490771293640137 -1.1983107328414917
	-9.11420726776123 0.9688470363616943 -13.109125137329102
	-1.4528770446777344 0.1393524557352066 -15.940115928649902
	-6.569998741149902 -0.40941739082336426 -14.09744644165039
	12.914693832397461 0.8102554678916931 -5.637141704559326
	-0.11560079455375671 13.314105987548828 -1.6752111911773682
	9.980945587158203 -0.8600202798843384 6.701420307159424
	-3.768432140350342 0.9957630038261414 -13.891890525817871
	-0.10857707262039185 12.586195945739746 -0.9776990413665771
	-7.927250385284424 -0.4664294123649597 -11.064432144165039
}
ParticleFrame
{
	NumParticles 30
	5.44898796081543 0.32035771012306213 14.542718887329102
	-9.048418045043945 -0.2788148522377014 12.967630386352539
	-0.21132609248161316 -18.868793487548828 -4.802164554595947
	-0.8661883473396301 -18.647720336914062 -3.8743162155151367
	0.6574879884719849 18.330150604248047 -3.2912864685058594
	5.234442234039307 -0.2976010739803314 -20.797260284423828
	-5.3593950271606445 0.35146012902259827 13.746745109558105
	-8.436543464660645 0.430358350276947 -18.80242156982422
	-0.21852609515190125 -17.43490219116211 -4.163331031799316
	7.9296555519104 0.39329811930656433 12.129255294799805
	-0.3667266070842743 -16.98589324951172 -2.639296054840088
	-16.699222564697266 -0.6397902369499207 -4.588405609130859
	-16.476709365844727 0.6921699047088623 -1.2389792203903198
	-0.10120075941085815 16.18189811706543 -2.5899605751037598
	0.031549885869026184 -16.028160095214844 -2.335303783416748
	-15.132570266723633 0.8274072408676147 -7.147231101989746
	13.582842826843262 -0.0693521574139595 4.8464837074279785
	0.1464676856994629 15.23325252532959 -2.5951573848724365
	4.337332248687744 1.0397766828536987 -16.590572357177734
	-9.454313278198242 -0.1606166958808899 9.265021324157715
	-0.35144561529159546 14.490771293640137 -1.1983107328414917
	-9.11420726776123 0.9688470363616943 -13.109125137329102
	-1.4528770446777344 0.1393524557352066 -15.940115928649902
	-6.569998741149902 -0.40941739082336426 -14.09744644165039
	12.914693832397461 0.8102554678916931 -5.637141704559326
	-0.11560079455375671 13.314105987548828 -1.6752111911773682
	9.980945587158203 -0.8600202798843384 6.701420307159424
	-3.768432140350342 0.9957630038261414 -13.891890525817871
	-0.10857707262039185 12.586195945739746 -0.9776990413665771
	-7.927250385284424 -0.4664294123649597 -11.064432144165039
}
ParticleFrame
{
	NumParticles 30
	5.44898796081543 0.32035771012306213 14.542718887329102
	-9.048418045043945 -0.2788148522377014 12.967630386352539
	-0.21132609248161316 -18.868793487548828 -4.802164554595947
	-0.8661883473396301 -18.647720336914062 -3.8743162155151367
	0.6574879884719849 18.330150604248047 -3.2912864685058594
	5.234442234039307 -0.2976010739803314 -20.797260284423828
	-5.3593950271606445 0.35146012902259827 13.746745109558105
	-8.436543464660645 0.430358350276947 -18.80242156982422
	-0.21852609515190125 -17.43490219116211 -4.163331031799316
	7.9296555519104 0.39329811930656433 12.129255294799805
	-0.3667266070842743 -16.98589324951172 -2.639296054840088
	-16.699222564697266 -0.6397902369499207 -4.588405609130859
	-16.476709365844727 0.6921699047088623 -1.2389792203903198
	-0.10120075941085815 16.18189811706543 -2.5899605751037598
	0.031549885869026184 -16.028160095214844 -2.335303783416748
	-15.132570266723633 0.8274072408676147 -7.147231101989746
	13.582842826843262 -0.0693521574139595 4.8464837074279785
	0.1464676856994629 15.23325252532959 -2.5951573848724365
	4.337332248687744 1.0397766828536987 -16.590572357177734
	-9.454313278198242 -0.1606166958808899 9.265021324157715
	-0.35144561529159546 14.490771293640137 -1.1983107328414917
	-9.11420726776123 0.9688470363616943 -13.109125137329102
	-1.4528770446777344 0.1393524557352066 -15.940115928649902
	-6.569998741149902 -0.40941739082336426 -14.09744644165039
	12.914693832397461 0.8102554678916931 -5.637141704559326
	-0.11560079455375671 13.314105987548828 -1.6752111911773682
	9.980945587158203 -0.8600202798843384 6.701420307159424
	-3.768432140350342 0.9957630038261414 -13.891890525817871
	-0.10857707262039185 12.586195945739746 -0.9776990413665771
	-7.927250385284424 -0.4664294123649597 -11.064432144165039
}
ParticleFrame
{
	NumParticles 30
	5.44898796081543 0.32035771012306213 14.542718887329102
	-9.048418045043945 -0.2788148522377014 12.967630386352539
	-0.21132609248161316 -18.868793487548828 -4.802164554595947
	-0.8661883473396301 -18.647720336914062 -3.8743162155151367
	0.6574879884719849 18.330150604248047 -3.2912864685058594
	5.234442234039307 -0.2976010739803314 -20.797260284423828
	-5.3593950271606445 0.35146012902259827 13.746745109558105
	-8.436543464660645 0.430358350276947 -18.80242156982422
	-0.21852609515190125 -17.43490219116211 -4.163331031799316
	7.9296555519104 0.39329811930656433 12.129255294799805
	-0.3667266070842743 -16.98589324951172 -2.639296054840088
	-16.699222564697266 -0.6397902369499207 -4.588405609130859
	-16.476709365844727 0.6921699047088623 -1.2389792203903198
	-0.10120075941085815 16.18189811706543 -2.5899605751037598
	0.031549885869026184 -16.028160095214844 -2.335303783416748
	-15.132570266723633 0.8274072408676147 -7.147231101989746
	13.582842826843262 -0.0693521574139595 4.8464837074279785
	0.1464676856994629 15.23325252532959 -2.5951573848724365
	4.337332248687744 1.0397766828536987 -16.590572357177734
	-9.454313278198242 -0.1606166958808899 9.265021324157715
	-0.35144561529159546 14.490771293640137 -1.1983107328414917
	-9.11420726776123 0.9688470363616943 -13.109125137329102
	-1.4528770446777344 0.1393524557352066 -15.940115928649902
	-6.569998741149902 -0.40941739082336426 -14.09744644165039
	12.914693832397461 0.8102554678916931 -5.637141704559326
	-0.11560079455375671 13.314105987548828 -1.6752111911773682
	9.980945587158203 -0.8600202798843384 6.701420307159424
	-3.768432140350342 0.9957630038261414 -13.891890525817871
	-0.10857707262039185 12.586195945739746 -0.9776990413665771
	-7.927250385284424 -0.4664294123649597 -11.064432144165039
}
ParticleFrame
{
	NumParticles 30
	5.44898796081543 0.32035771012306213 14.542718887329102
	-9.048418045043945 -0.2788148522377014 12.967630386352539
	-0.21132609248161316 -18.868793487548828 -4.802164554595947
	-0.8661883473396301 -18.647720336914062 -3.8743162155151367
	0.6574879884719849 18.330150604248047 -3.2912864685058594
	5.234442234039307 -0.2976010739803314 -20.797260284423828
	-5.3593950271606445 0.35146012902259827 13.746745109558105
	-8.436543464660645 0.430358350276947 -18.80242156982422
	-0.21852609515190125 -17.43490219116211 -4.163331031799316
	7.9296555519104 0.39329811930656433 12.129255294799805
	-0.3667266070842743 -16.98589324951172 -2.639296054840088
	-16.699222564697266 -0.6397902369499207 -4.588405609130859
	-16.476709365844727 0.6921699047088623 -1.2389792203903198
	-0.10120075941085815 16.18189811706543 -2.5899605751037598
	0.031549885869026184 -16.028160095214844 -2.335303783416748
	-15.132570266723633 0.8274072408676147 -7.147231101989746
	13.582842826843262 -0.0693521574139595 4.8464837074279785
	0.1464676856994629 15.23325252532959 -2.5951573848724365
	4.337332248687744 1.0397766828536987 -16.590572357177734
	-9.454313278198242 -0.1606166958808899 9.265021324157715
	-0.35144561529159546 14.490771293640137 -1.1983107328414917
	-9.11420726776123 0.9688470363616943 -13.109125137329102
	-1.4528770446777344 0.1393524557352066 -15.940115928649902
	-6.569998741149902 -0.40941739082336426 -14.09744644165039
	12.914693832397461 0.8102554678916931 -5.637141704559326
	-0.11560079455375671 13.314105987548828 -1.6752111911773682
	9.980945587158203 -0.8600202798843384 6.701420307159424
	-3.768432140350342 0.9957630038261414 -13.891890525817871
	-0.10857707262039185 12.586195945739746 -0.9776990413665771
	-7.927250385284424 -0.4664294123649597 -11.064432144165039
}
ParticleFrame
{
	NumParticles 30
	5.44898796081543 0.32035771012306213 14.542718887329102
	-9.048418045043945 -0.2788148522377014 12.967630386352539
	-0.21132609248161316 -18.868793487548828 -4.802164554595947
	-0.8661883473396301 -18.647720336914062 -3.8743162155151367
	0.6574879884719849 18.330150604248047 -3.2912864685058594
	5.234442234039307 -0.2976010739803314 -20.797260284423828
	-5.3593950271606445 0.35146012902259827 13.746745109558105
	-8.436543464660645 0.430358350276947 -18.80242156982422
	-0.21852609515190125 -17.43490219116211 -4.163331031799316
	7.9296555519104 0.39329811930656433 12.129255294799805
	-0.3667266070842743 -16.98589324951172 -2.639296054840088
	-16.699222564697266 -0.6397902369499207 -4.588405609130859
	-16.476709365844727 0.6921699047088623 -1.2389792203903198
	-0.10120075941085815 16.18189811706543 -2.5899605751037598
	0.031549885869026184 -16.028160095214844 -2.335303783416748
	-15.132570266723633 0.8274072408676147 -7.147231101989746
	13.582842826843262 -0.0693521574139595 4.8464837074279785
	0.1464676856994629 15.23325252532959 -2.5951573848724365
	4.337332248687744 1.0397766828536987 -16.590572357177734
	-9.454313278198242 -0.1606166958808899 9.265021324157715
	-0.35144561529159546 14.490771293640137 -1.1983107328414917
	-9.11420726776123 0.9688470363616943 -13.109125137329102
	-1.4528770446777344 0.1393524557352066 -15.940115928649902
	-6.569998741149902 -0.40941739082336426 -14.09744644165039
	12.914693832397461 0.8102554678916931 -5.637141704559326
	-0.11560079455375671 13.314105987548828 -1.6752111911773682
	9.980945587158203 -0.8600202798843384 6.701420307159424
	-3.768432140350342 0.9957630038261414 -13.891890525817871
	-0.10857707262039185 12.586195945739746 -0.9776990413665771
	-7.927250385284424 -0.4664294123649597 -11.064432144165039
}
ParticleFrame
{
	NumParticles 30
	5.44898796081543 0.32035771012306213 14.542718887329102
	-9.048418045043945 -0.2788148522377014 12.967630386352539
	-0.21132609248161316 -18.868793487548828 -4.802164554595947
	-0.8661883473396301 -18.647720336914062 -3.8743162155151367
	0.6574879884719849 18.330150604248047 -3.2912864685058594
	5.234442234039307 -0.2976010739803314 -20.797260284423828
	-5.3593950271606445 0.35146012902259827 13.746745109558105
	-8.436543464660645 0.430358350276947 -18.80242156982422
	-0.21852609515190125 -17.43490219116211 -4.163331031799316
	7.9296555519104 0.39329811930656433 12.129255294799805
	-0.3667266070842743 -16.98589324951172 -2.639296054840088
	-16.699222564697266 -0.6397902369499207 -4.588405609130859
	-16.476709365844727 0.6921699047088623 -1.2389792203903198
	-0.10120075941085815 16.18189811706543 -2.5899605751037598
	0.031549885869026184 -16.028160095214844 -2.335303783416748
	-15.132570266723633 0.8274072408676147 -7.147231101989746
	13.582842826843262 -0.0693521574139595 4.8464837074279785
	0.1464676856994629 15.23325252532959 -2.5951573848724365
	4.337332248687744 1.0397766828536987 -16.590572357177734
	-9.454313278198242 -0.1606166958808899 9.265021324157715
	-0.35144561529159546 14.490771293640137 -1.1983107328414917
	-9.11420726776123 0.9688470363616943 -13.109125137329102
	-1.4528770446777344 0.1393524557352066 -15.940115928649902
	-6.569998741149902 -0.40941739082336426 -14.09744644165039
	12.914693832397461 0.8102554678916931 -5.637141704559326
	-0.11560079455375671 13.314105987548828 -1.6752111911773682
	9.980945587158203 -0.8600202798843384 6.701420307159424
	-3.768432140350342 0.9957630038261414 -13.891890525817871
	-0.10857707262039185 12.586195945739746 -0.9776990413665771
	-7.927250385284424 -0.4664294123649597 -11.064432144165039
}
ParticleFrame
{
	NumParticles 30
	5.44898796081543 0.32035771012306213 14.542718887329102
	-9.048418045043945 -0.2788148522377014 12.967630386352539
	-0.21132609248161316 -18.868793487548828 -4.802164554595947
	-0.8661883473396301 -18.647720336914062 -3.8743162155151367
	0.6574879884719849 18.330150604248047 -3.2912864685058594
	5.234442234039307 -0.2976010739803314 -20.797260284423828
	-5.3593950271606445 0.35146012902259827 13.746745109558105
	-8.436543464660645 0.430358350276947 -18.80242156982422
	-0.21852609515190125 -17.43490219116211 -4.163331031799316
	7.9296555519104 0.39329811930656433 12.129255294799805
	-0.3667266070842743 -16.98589324951172 -2.639296054840088
	-16.699222564697266 -0.6397902369499207 -4.588405609130859
	-16.476709365844727 0.6921699047088623 -1.2389792203903198
	-0.10120075941085815 16.18189811706543 -2.5899605751037598
	0.031549885869026184 -16.028160095214844 -2.335303783416748
	-15.132570266723633 0.8274072408676147 -7.147231101989746
	13.582842826843262 -0.0693521574139595 4.8464837074279785
	0.1464676856994629 15.23325252532959 -2.5951573848724365
	4.337332248687744 1.0397766828536987 -16.590572357177734
	-9.454313278198242 -0.1606166958808899 9.265021324157715
	-0.35144561529159546 14.490771293640137 -1.1983107328414917
	-9.11420726776123 0.9688470363616943 -13.109125137329102
	-1.4528770446777344 0.1393524557352066 -15.940115928649902
	-6.569998741149902 -0.40941739082336426 -14.09744644165039
	12.914693832397461 0.8102554678916931 -5.637141704559326
	-0.11560079455375671 13.314105987548828 -1.6752111911773682
	9.980945587158203 -0.8600202798843384 6.701420307159424
	-3.768432140350342 0.9957630038261414 -13.891890525817871
	-0.10857707262039185 12.586195945739746 -0.9776990413665771
	-7.927250385284424 -0.4664294123649597 -11.064432144165039
}
ParticleFrame
{
	NumParticles 30
	5.44898796081543 0.32035771012306213 14.542718887329102
	-9.048418045043945 -0.2788148522377014 12.967630386352539
	-0.21132609248161316 -18.868793487548828 -4.802164554595947
	-0.8661883473396301 -18.647720336914062 -3.8743162155151367
	0.6574879884719849 18.330150604248047 -3.2912864685058594
	5.234442234039307 -0.2976010739803314 -20.797260284423828
	-5.3593950271606445 0.35146012902259827 13.746745109558105
	-8.436543464660645 0.430358350276947 -18.80242156982422
	-0.21852609515190125 -17.43490219116211 -4.163331031799316
	7.9296555519104 0.39329811930656433 12.129255294799805
	-0.3667266070842743 -16.98589324951172 -2.639296054840088
	-16.699222564697266 -0.6397902369499207 -4.588405609130859
	-16.476709365844727 0.6921699047088623 -1.2389792203903198
	-0.10120075941085815 16.18189811706543 -2.5899605751037598
	0.031549885869026184 -16.028160095214844 -2.335303783416748
	-15.132570266723633 0.8274072408676147 -7.147231101989746
	13.582842826843262 -0.0693521574139595 4.8464837074279785
	0.1464676856994629 15.23325252532959 -2.5951573848724365
	4.337332248687744 1.0397766828536987 -16.590572357177734
	-9.454313278198242 -0.1606166958808899 9.265021324157715
	-0.35144561529159546 14.490771293640137 -1.1983107328414917
	-9.11420726776123 0.9688470363616943 -13.109125137329102
	-1.4528770446777344 0.1393524557352066 -15.940115928649902
	-6.569998741149902 -0.40941739082336426 -14.09744644165039
	12.914693832397461 0.8102554678916931 -5.637141704559326
	-0.11560079455375671 13.314105987548828 -1.6752111911773682
	9.980945587158203 -0.8600202798843384 6.701420307159424
	-3.768432140350342 0.9957630038261414 -13.891890525817871
	-0.10857707262039185 12.586195945739746 -0.9776990413665771
	-7.927250385284424 -0.4664294123649597 -11.064432144165039
}
ParticleFrame
{
	NumParticles 30
	5.44898796081543 0.32035771012306213 14.542718887329102
	-9.048418045043945 -0.2788148522377014 12.967630386352539
	-0.21132609248161316 -18.868793487548828 -4.802164554595947
	-0.8661883473396301 -18.647720336914062 -3.8743162155151367
	0.6574879884719849 18.330150604248047 -3.2912864685058594
	5.234442234039307 -0.2976010739803314 -20.797260284423828
	-5.3593950271606445 0.35146012902259827 13.746745109558105
	-8.436543464660645 0.430358350276947 -18.80242156982422
	-0.21852609515190125 -17.43490219116211 -4.163331031799316
	7.9296555519104 0.39329811930656433 12.129255294799805
	-0.3667266070842743 -16.98589324951172 -2.639296054840088
	-16.699222564697266 -0.6397902369499207 -4.588405609130859
	-16.476709365844727 0.6921699047088623 -1.2389792203903198
	-0.10120075941085815 16.18189811706543 -2.5899605751037598
	0.031549885869026184 -16.028160095214844 -2.335303783416748
	-15.132570266723633 0.8274072408676147 -7.147231101989746
	13.582842826843262 -0.0693521574139595 4.8464837074279785
	0.1464676856994629 15.23325252532959 -2.5951573848724365
	4.337332248687744 1.0397766828536987 -16.590572357177734
	-9.454313278198242 -0.1606166958808899 9.265021324157715
	-0.35144561529159546 14.490771293640137 -1.1983107328414917
	-9.11420726776123 0.9688470363616943 -13.109125137329102
	-1.4528770446777344 0.1393524557352066 -15.940115928649902
	-6.569998741149902 -0.40941739082336426 -14.09744644165039
	12.914693832397461 0.8102554678916931 -5.637141704559326
	-0.11560079455375671 13.314105987548828 -1.6752111911773682
	9.980945587158203 -0.8600202798843384 6.701420307159424
	-3.768432140350342 0.9957630038261414 -13.891890525817871
	-0.10857707262039185 12.586195945739746 -0.9776990413665771
	-7.927250385284424 -0.4664294123649597 -11.064432144165039
}
ParticleFrame
{
	NumParticles 30
	5.44898796081543 0.32035771012306213 14.542718887329102
	-9.048418045043945 -0.2788148522377014 12.967630386352539
	-0.21132609248161316 -18.868793487548828 -4.802164554595947
	-0.8661883473396301 -18.647720336914062 -3.8743162155151367
	0.6574879884719849 18.330150604248047 -3.2912864685058594
	5.234442234039307 -0.2976010739803314 -20.797260284423828
	-5.3593950271606445 0.35146012902259827 13.746745109558105
	-8.436543464660645 0.430358350276947 -18.80242156982422
	-0.21852609515190125 -17.43490219116211 -4.163331031799316
	7.9296555519104 0.39329811930656433 12.129255294799805
	-0.3667266070842743 -16.98589324951172 -2.639296054840088
	-16.699222564697266 -0.6397902369499207 -4.588405609130859
	-16.476709365844727 0.6921699047088623 -1.2389792203903198
	-0.10120075941085815 16.18189811706543 -2.5899605751037598
	0.031549885869026184 -16.028160095214844 -2.335303783416748
	-15.132570266723633 0.8274072408676147 -7.147231101989746
	13.582842826843262 -0.0693521574139595 4.8464837074279785
	0.1464676856994629 15.23325252532959 -2.5951573848724365
	4.337332248687744 1.0397766828536987 -16.590572357177734
	-9.454313278198242 -0.1606166958808899 9.265021324157715
	-0.35144561529159546 14.490771293640137 -1.1983107328414917
	-9.11420726776123 0.9688470363616943 -13.109125137329102
	-1.4528770446777344 0.1393524557352066 -15.940115928649902
	-6.569998741149902 -0.40941739082336426 -14.09744644165039
	12.914693832397461 0.8102554678916931 -5.637141704559326
	-0.11560079455375671 13.314105987548828 -1.6752111911773682
	9.980945587158203 -0.8600202798843384 6.701420307159424
	-3.768432140350342 0.9957630038261414 -13.891890525817871
	-0.10857707262039185 12.586195945739746 -0.9776990413665771
	-7.927250385284424 -0.4664294123649597 -11.064432144165039
}
ParticleFrame
{
	NumParticles 30
	5.44898796081543 0.32035771012306213 14.542718887329102
	-9.048418045043945 -0.2788148522377014 12.967630386352539
	-0.21132609248161316 -18.868793487548828 -4.802164554595947
	-0.8661883473396301 -18.647720336914062 -3.8743162155151367
	0.6574879884719849 18.330150604248047 -3.2912864685058594
	5.234442234039307 -0.2976010739803314 -20.797260284423828
	-5.3593950271606445 0.35146012902259827 13.746745109558105
	-8.436543464660645 0.430358350276947 -18.80242156982422
	-0.21852609515190125 -17.43490219116211 -4.163331031799316
	7.9296555519104 0.39329811930656433 12.129255294799805
	-0.3667266070842743 -16.98589324951172 -2.639296054840088
	-16.699222564697266 -0.6397902369499207 -4.588405609130859
	-16.476709365844727 0.6921699047088623 -1.2389792203903198
	-0.10120075941085815 16.18189811706543 -2.5899605751037598
	0.031549885869026184 -16.028160095214844 -2.335303783416748
	-15.132570266723633 0.8274072408676147 -7.147231101989746
	13.582842826843262 -0.0693521574139595 4.8464837074279785
	0.1464676856994629 15.23325252532959 -2.5951573848724365
	4.337332248687744 1.0397766828536987 -16.590572357177734
	-9.454313278198242 -0.1606166958808899 9.265021324157715
	-0.35144561529159546 14.490771293640137 -1.1983107328414917
	-9.11420726776123 0.9688470363616943 -13.109125137329102
	-1.4528770446777344 0.1393524557352066 -15.940115928649902
	-6.569998741149902 -0.40941739082336426 -14.09744644165039
	12.914693832397461 0.8102554678916931 -5.637141704559326
	-0.11560079455375671 13.314105987548828 -1.6752111911773682
	9.980945587158203 -0.8600202798843384 6.701420307159424
	-3.768432140350342 0.9957630038261414 -13.891890525817871
	-0.10857707262039185 12.586195945739746 -0.9776990413665771
	-7.927250385284424 -0.4664294123649597 -11.064432144165039
}
ParticleFrame
{
	NumParticles 30
	5.44898796081543 0.32035771012306213 14.542718887329102
	-9.048418045043945 -0.2788148522377014 12.967630386352539
	-0.21132609248161316 -18.868793487548828 -4.802164554595947
	-0.8661883473396301 -18.647720336914062 -3.8743162155151367
	0.6574879884719849 18.330150604248047 -3.2912864685058594
	5.234442234039307 -0.2976010739803314 -20.797260284423828
	-5.3593950271606445 0.35146012902259827 13.746745109558105
	-8.436543464660645 0.430358350276947 -18.80242156982422
	-0.21852609515190125 -17.43490219116211 -4.163331031799316
	7.9296555519104 0.39329811930656433 12.129255294799805
	-0.3667266070842743 -16.98589324951172 -2.639296054840088
	-16.699222564697266 -0.6397902369499207 -4.588405609130859
	-16.476709365844727 0.6921699047088623 -1.2389792203903198
	-0.10120075941085815 16.18189811706543 -2.5899605751037598
	0.031549885869026184 -16.028160095214844 -2.335303783416748
	-15.132570266723633 0.8274072408676147 -7.147231101989746
	13.582842826843262 -0.0693521574139595 4.8464837074279785
	0.1464676856994629 15.23325252532959 -2.5951573848724365
	4.337332248687744 1.0397766828536987 -16.590572357177734
	-9.454313278198242 -0.1606166958808899 9.265021324157715
	-0.35144561529159546 14.490771293640137 -1.1983107328414917
	-9.11420726776123 0.9688470363616943 -13.109125137329102
	-1.4528770446777344 0.1393524557352066 -15.940115928649902
	-6.569998741149902 -0.40941739082336426 -14.09744644165039
	12.914693832397461 0.8102554678916931 -5.637141704559326
	-0.11560079455375671 13.314105987548828 -1.6752111911773682
	9.980945587158203 -0.8600202798843384 6.701420307159424
	-3.768432140350342 0.9957630038261414 -13.891890525817871
	-0.10857707262039185 12.586195945739746 -0.9776990413665771
	-7.927250385284424 -0.4664294123649597 -11.064432144165039
}
ParticleFrame
{
	NumParticles 30
	5.44898796081543 0.32035771012306213 14.542718887329102
	-9.048418045043945 -0.2788148522377014 12.967630386352539
	-0.21132609248161316 -18.868793487548828 -4.802164554595947
	-0.8661883473396301 -18.647720336914062 -3.8743162155151367
	0.6574879884719849 18.330150604248047 -3.2912864685058594
	5.234442234039307 -0.2976010739803314 -20.797260284423828
	-5.3593950271606445 0.35146012902259827 13.746745109558105
	-8.436543464660645 0.430358350276947 -18.80242156982422
	-0.21852609515190125 -17.43490219116211 -4.163331031799316
	7.9296555519104 0.39329811930656433 12.129255294799805
	-0.3667266070842743 -16.98589324951172 -2.639296054840088
	-16.699222564697266 -0.6397902369499207 -4.588405609130859
	-16.476709365844727 0.6921699047088623 -1.2389792203903198
	-0.10120075941085815 16.18189811706543 -2.5899605751037598
	0.031549885869026184 -16.028160095214844 -2.335303783416748
	-15.132570266723633 0.8274072408676147 -7.147231101989746
	13.582842826843262 -0.0693521574139595 4.8464837074279785
	0.1464676856994629 15.23325252532959 -2.5951573848724365
	4.337332248687744 1.0397766828536987 -16.590572357177734
	-9.454313278198242 -0.1606166958808899 9.265021324157715
	-0.35144561529159546 14.490771293640137 -1.1983107328414917
	-9.11420726776123 0.9688470363616943 -13.109125137329102
	-1.4528770446777344 0.1393524557352066 -15.940115928649902
	-6.569998741149902 -0.40941739082336426 -14.09744644165039
	12.914693832397461 0.8102554678916931 -5.637141704559326
	-0.11560079455375671 13.314105987548828 -1.6752111911773682
	9.980945587158203 -0.8600202798843384 6.701420307159424
	-3.768432140350342 0.9957630038261414 -13.891890525817871
	-0.10857707262039185 12.586195945739746 -0.9776990413665771
	-7.927250385284424 -0.4664294123649597 -11.064432144165039
}
ParticleFrame
{
	NumParticles 30
	5.44898796081543 0.32035771012306213 14.542718887329102
	-9.048418045043945 -0.2788148522377014 12.967630386352539
	-0.21132609248161316 -18.868793487548828 -4.802164554595947
	-0.8661883473396301 -18.647720336914062 -3.8743162155151367
	0.6574879884719849 18.330150604248047 -3.2912864685058594
	5.234442234039307 -0.2976010739803314 -20.797260284423828
	-5.3593950271606445 0.35146012902259827 13.746745109558105
	-8.436543464660645 0.430358350276947 -18.80242156982422
	-0.21852609515190125 -17.43490219116211 -4.163331031799316
	7.9296555519104 0.39329811930656433 12.129255294799805
	-0.3667266070842743 -16.98589324951172 -2.639296054840088
	-16.699222564697266 -0.6397902369499207 -4.588405609130859
	-16.476709365844727 0.6921699047088623 -1.2389792203903198
	-0.10120075941085815 16.18189811706543 -2.5899605751037598
	0.031549885869026184 -16.028160095214844 -2.335303783416748
	-15.132570266723633 0.8274072408676147 -7.147231101989746
	13.582842826843262 -0.0693521574139595 4.8464837074279785
	0.1464676856994629 15.23325252532959 -2.5951573848724365
	4.337332248687744 1.0397766828536987 -16.590572357177734
	-9.454313278198242 -0.1606166958808899 9.265021324157715
	-0.35144561529159546 14.490771293640137 -1.1983107328414917
	-9.11420726776123 0.9688470363616943 -13.109125137329102
	-1.4528770446777344 0.1393524557352066 -15.940115928649902
	-6.569998741149902 -0.40941739082336426 -14.09744644165039
	12.914693832397461 0.8102554678916931 -5.637141704559326
	-0.11560079455375671 13.314105987548828 -1.6752111911773682
	9.980945587158203 -0.8600202798843384 6.701420307159424
	-3.768432140350342 0.9957630038261414 -13.891890525817871
	-0.10857707262039185 12.586195945739746 -0.9776990413665771
	-7.927250385284424 -0.4664294123649597 -11.064432144165039
}
ParticleFrame
{
	NumParticles 30
	5.44898796081543 0.32035771012306213 14.542718887329102
	-9.048418045043945 -0.2788148522377014 12.967630386352539
	-0.21132609248161316 -18.868793487548828 -4.802164554595947
	-0.8661883473396301 -18.647720336914062 -3.8743162155151367
	0.6574879884719849 18.330150604248047 -3.2912864685058594
	5.234442234039307 -0.2976010739803314 -20.797260284423828
	-5.3593950271606445 0.35146012902259827 13.746745109558105
	-8.436543464660645 0.430358350276947 -18.80242156982422
	-0.21852609515190125 -17.43490219116211 -4.163331031799316
	7.9296555519104 0.39329811930656433 12.129255294799805
	-0.3667266070842743 -16.98589324951172 -2.639296054840088
	-16.699222564697266 -0.6397902369499207 -4.588405609130859
	-16.476709365844727 0.6921699047088623 -1.2389792203903198
	-0.10120075941085815 16.18189811706543 -2.5899605751037598
	0.031549885869026184 -16.028160095214844 -2.335303783416748
	-15.132570266723633 0.8274072408676147 -7.147231101989746
	13.582842826843262 -0.0693521574139595 4.8464837074279785
	0.1464676856994629 15.23325252532959 -2.5951573848724365
	4.337332248687744 1.0397766828536987 -16.590572357177734
	-9.454313278198242 -0.1606166958808899 9.265021324157715
	-0.35144561529159546 14.490771293640137 -1.1983107328414917
	-9.11420726776123 0.9688470363616943 -13.109125137329102
	-1.4528770446777344 0.1393524557352066 -15.940115928649902
	-6.569998741149902 -0.40941739082336426 -14.09744644165039
	12.914693832397461 0.8102554678916931 -5.637141704559326
	-0.11560079455375671 13.314105987548828 -1.6752111911773682
	9.980945587158203 -0.8600202798843384 6.701420307159424
	-3.768432140350342 0.9957630038261414 -13.891890525817871
	-0.10857707262039185 12.586195945739746 -0.9776990413665771
	-7.927250385284424 -0.4664294123649597 -11.064432144165039
}
ParticleFrame
{
	NumParticles 30
	5.44898796081543 0.32035771012306213 14.542718887329102
	-9.048418045043945 -0.2788148522377014 12.967630386352539
	-0.21132609248161316 -18.868793487548828 -4.802164554595947
	-0.8661883473396301 -18.647720336914062 -3.8743162155151367
	0.6574879884719849 18.330150604248047 -3.2912864685058594
	5.234442234039307 -0.2976010739803314 -20.797260284423828
	-5.3593950271606445 0.35146012902259827 13.746745109558105
	-8.436543464660645 0.430358350276947 -18.80242156982422
	-0.21852609515190125 -17.43490219116211 -4.163331031799316
	7.9296555519104 0.39329811930656433 12.129255294799805
	-0.3667266070842743 -16.98589324951172 -2.639296054840088
	-16.699222564697266 -0.6397902369499207 -4.588405609130859
	-16.476709365844727 0.6921699047088623 -1.2389792203903198
	-0.10120075941085815 16.18189811706543 -2.5899605751037598
	0.031549885869026184 -16.028160095214844 -2.335303783416748
	-15.132570266723633 0.8274072408676147 -7.147231101989746
	13.582842826843262 -0.0693521574139595 4.8464837074279785
	0.1464676856994629 15.23325252532959 -2.5951573848724365
	4.337332248687744 1.0397766828536987 -16.590572357177734
	-9.454313278198242 -0.1606166958808899 9.265021324157715
	-0.35144561529159546 14.490771293640137 -1.1983107328414917
	-9.11420726776123 0.9688470363616943 -13.109125137329102
	-1.4528770446777344 0.1393524557352066 -15.940115928649902
	-6.569998741149902 -0.40941739082336426 -14.09744644165039
	12.914693832397461 0.8102554678916931 -5.637141704559326
	-0.11560079455375671 13.314105987548828 -1.6752111911773682
	9.980945587158203 -0.8600202798843384 6.701420307159424
	-3.768432140350342 0.9957630038261414 -13.891890525817871
	-0.10857707262039185 12.586195945739746 -0.9776990413665771
	-7.927250385284424 -0.4664294123649597 -11.064432144165039
}
ParticleFrame
{
	NumParticles 30
	5.44898796081543 0.32035771012306213 14.542718887329102
	-9.048418045043945 -0.2788148522377014 12.967630386352539
	-0.21132609248161316 -18.868793487548828 -4.802164554595947
	-0.8661883473396301 -18.647720336914062 -3.8743162155151367
	0.6574879884719849 18.330150604248047 -3.2912864685058594
	5.234442234039307 -0.2976010739803314 -20.797260284423828
	-5.3593950271606445 0.35146012902259827 13.746745109558105
	-8.436543464660645 0.430358350276947 -18.80242156982422
	-0.21852609515190125 -17.43490219116211 -4.163331031799316
	7.9296555519104 0.39329811930656433 12.129255294799805
	-0.3667266070842743 -16.98589324951172 -2.639296054840088
	-16.699222564697266 -0.6397902369499207 -4.588405609130859
	-16.476709365844727 0.6921699047088623 -1.2389792203903198
	-0.10120075941085815 16.18189811706543 -2.5899605751037598
	0.031549885869026184 -16.028160095214844 -2.335303783416748
	-15.132570266723633 0.8274072408676147 -7.147231101989746
	13.582842826843262 -0.0693521574139595 4.8464837074279785
	0.1464676856994629 15.23325252532959 -2.5951573848724365
	4.337332248687744 1.0397766828536987 -16.590572357177734
	-9.454313278198242 -0.1606166958808899 9.265021324157715
	-0.35144561529159546 14.490771293640137 -1.1983107328414917
	-9.11420726776123 0.9688470363616943 -13.109125137329102
	-1.4528770446777344 0.1393524557352066 -15.940115928649902
	-6.569998741149902 -0.40941739082336426 -14.09744644165039
	12.914693832397461 0.8102554678916931 -5.637141704559326
	-0.11560079455375671 13.314105987548828 -1.6752111911773682
	9.980945587158203 -0.8600202798843384 6.701420307159424
	-3.768432140350342 0.9957630038261414 -13.891890525817871
	-0.10857707262039185 12.586195945739746 -0.9776990413665771
	-7.927250385284424 -0.4664294123649597 -11.064432144165039
}
ParticleFrame
{
	NumParticles 30
	5.44898796081543 0.32035771012306213 14.542718887329102
	-9.048418045043945 -0.2788148522377014 12.967630386352539
	-0.21132609248161316 -18.868793487548828 -4.802164554595947
	-0.8661883473396301 -18.647720336914062 -3.8743162155151367
	0.6574879884719849 18.330150604248047 -3.2912864685058594
	5.234442234039307 -0.2976010739803314 -20.797260284423828
	-5.3593950271606445 0.35146012902259827 13.746745109558105
	-8.436543464660645 0.430358350276947 -18.80242156982422
	-0.21852609515190125 -17.43490219116211 -4.163331031799316
	7.9296555519104 0.39329811930656433 12.129255294799805
	-0.3667266070842743 -16.98589324951172 -2.639296054840088
	-16.699222564697266 -0.6397902369499207 -4.588405609130859
	-16.476709365844727 0.6921699047088623 -1.2389792203903198
	-0.10120075941085815 16.18189811706543 -2.5899605751037598
	0.031549885869026184 -16.028160095214844 -2.335303783416748
	-15.132570266723633 0.8274072408676147 -7.147231101989746
	13.582842826843262 -0.0693521574139595 4.8464837074279785
	0.1464676856994629 15.23325252532959 -2.5951573848724365
	4.337332248687744 1.0397766828536987 -16.590572357177734
	-9.454313278198242 -0.1606166958808899 9.265021324157715
	-0.35144561529159546 14.490771293640137 -1.1983107328414917
	-9.11420726776123 0.9688470363616943 -13.109125137329102
	-1.4528770446777344 0.1393524557352066 -15.940115928649902
	-6.569998741149902 -0.40941739082336426 -14.09744644165039
	12.914693832397461 0.8102554678916931 -5.637141704559326
	-0.11560079455375671 13.314105987548828 -1.6752111911773682
	9.980945587158203 -0.8600202798843384 6.701420307159424
	-3.768432140350342 0.9957630038261414 -13.891890525817871
	-0.10857707262039185 12.586195945739746 -0.9776990413665771
	-7.927250385284424 -0.4664294123649597 -11.064432144165039
}
ParticleFrame
{
	NumParticles 30
	5.44898796081543 0.32035771012306213 14.542718887329102
	-9.048418045043945 -0.2788148522377014 12.967630386352539
	-0.21132609248161316 -18.868793487548828 -4.802164554595947
	-0.8661883473396301 -18.647720336914062 -3.8743162155151367
	0.6574879884719849 18.330150604248047 -3.2912864685058594
	5.234442234039307 -0.2976010739803314 -20.797260284423828
	-5.3593950271606445 0.35146012902259827 13.746745109558105
	-8.436543464660645 0.430358350276947 -18.80242156982422
	-0.21852609515190125 -17.43490219116211 -4.163331031799316
	7.9296555519104 0.39329811930656433 12.129255294799805
	-0.3667266070842743 -16.98589324951172 -2.639296054840088
	-16.699222564697266 -0.6397902369499207 -4.588405609130859
	-16.476709365844727 0.6921699047088623 -1.2389792203903198
	-0.10120075941085815 16.18189811706543 -2.5899605751037598
	0.031549885869026184 -16.028160095214844 -2.335303783416748
	-15.132570266723633 0.8274072408676147 -7.147231101989746
	13.582842826843262 -0.0693521574139595 4.8464837074279785
	0.1464676856994629 15.23325252532959 -2.5951573848724365
	4.337332248687744 1.0397766828536987 -16.590572357177734
	-9.454313278198242 -0.1606166958808899 9.265021324157715
	-0.35144561529159546 14.490771293640137 -1.1983107328414917
	-9.11420726776123 0.9688470363616943 -13.109125137329102
	-1.4528770446777344 0.1393524557352066 -15.940115928649902
	-6.569998741149902 -0.40941739082336426 -14.09744644165039
	12.914693832397461 0.8102554678916931 -5.637141704559326
	-0.11560079455375671 13.314105987548828 -1.6752111911773682
	9.980945587158203 -0.8600202798843384 6.701420307159424
	-3.768432140350342 0.9957630038261414 -13.891890525817871
	-0.10857707262039185 12.586195945739746 -0.9776990413665771
	-7.927250385284424 -0.4664294123649597 -11.064432144165039
}
ParticleFrame
{
	NumParticles 30
	5.44898796081543 0.32035771012306213 14.542718887329102
	-9.048418045043945 -0.2788148522377014 12.967630386352539
	-0.21132609248161316 -18.868793487548828 -4.802164554595947
	-0.8661883473396301 -18.647720336914062 -3.8743162155151367
	0.6574879884719849 18.330150604248047 -3.2912864685058594
	5.234442234039307 -0.2976010739803314 -20.797260284423828
	-5.3593950271606445 0.35146012902259827 13.746745109558105
	-8.436543464660645 0.430358350276947 -18.80242156982422
	-0.21852609515190125 -17.43490219116211 -4.163331031799316
	7.9296555519104 0.39329811930656433 12.129255294799805
	-0.3667266070842743 -16.98589324951172 -2.639296054840088
	-16.699222564697266 -0.6397902369499207 -4.588405609130859
	-16.476709365844727 0.6921699047088623 -1.2389792203903198
	-0.10120075941085815 16.18189811706543 -2.5899605751037598
	0.031549885869026184 -16.028160095214844 -2.335303783416748
	-15.132570266723633 0.8274072408676147 -7.147231101989746
	13.582842826843262 -0.0693521574139595 4.8464837074279785
	0.1464676856994629 15.23325252532959 -2.5951573848724365
	4.337332248687744 1.0397766828536987 -16.590572357177734
	-9.454313278198242 -0.1606166958808899 9.265021324157715
	-0.35144561529159546 14.490771293640137 -1.1983107328414917
	-9.11420726776123 0.9688470363616943 -13.109125137329102
	-1.4528770446777344 0.1393524557352066 -15.940115928649902
	-6.569998741149902 -0.40941739082336426 -14.09744644165039
	12.914693832397461 0.8102554678916931 -5.637141704559326
	-0.11560079455375671 13.314105987548828 -1.6752111911773682
	9.980945587158203 -0.8600202798843384 6.701420307159424
	-3.768432140350342 0.9957630038261414 -13.891890525817871
	-0.10857707262039185 12.586195945739746 -0.9776990413665771
	-7.927250385284424 -0.4664294123649597 -11.064432144165039
}
ParticleFrame
{
	NumParticles 30
	5.44898796081543 0.32035771012306213 14.542718887329102
	-9.048418045043945 -0.2788148522377014 12.967630386352539
	-0.21132609248161316 -18.868793487548828 -4.802164554595947
	-0.8661883473396301 -18.647720336914062 -3.8743162155151367
	0.6574879884719849 18.330150604248047 -3.2912864685058594
	5.234442234039307 -0.2976010739803314 -20.797260284423828
	-5.3593950271606445 0.35146012902259827 13.746745109558105
	-8.436543464660645 0.430358350276947 -18.80242156982422
	-0.21852609515190125 -17.43490219116211 -4.163331031799316
	7.9296555519104 0.39329811930656433 12.129255294799805
	-0.3667266070842743 -16.98589324951172 -2.639296054840088
	-16.699222564697266 -0.6397902369499207 -4.588405609130859
	-16.476709365844727 0.6921699047088623 -1.2389792203903198
	-0.10120075941085815 16.18189811706543 -2.5899605751037598
	0.031549885869026184 -16.028160095214844 -2.335303783416748
	-15.132570266723633 0.8274072408676147 -7.147231101989746
	13.582842826843262 -0.0693521574139595 4.8464837074279785
	0.1464676856994629 15.23325252532959 -2.5951573848724365
	4.337332248687744 1.0397766828536987 -16.590572357177734
	-9.454313278198242 -0.1606166958808899 9.265021324157715
	-0.35144561529159546 14.490771293640137 -1.1983107328414917
	-9.11420726776123 0.9688470363616943 -13.109125137329102
	-1.4528770446777344 0.1393524557352066 -15.940115928649902
	-6.569998741149902 -0.40941739082336426 -14.09744644165039
	12.914693832397461 0.8102554678916931 -5.637141704559326
	-0.11560079455375671 13.314105987548828 -1.6752111911773682
	9.980945587158203 -0.8600202798843384 6.701420307159424
	-3.768432140350342 0.9957630038261414 -13.891890525817871
	-0.10857707262039185 12.586195945739746 -0.9776990413665771
	-7.927250385284424 -0.4664294123649597 -11.064432144165039
}
ParticleFrame
{
	NumParticles 30
	5.44898796081543 0.32035771012306213 14.542718887329102
	-9.048418045043945 -0.2788148522377014 12.967630386352539
	-0.21132609248161316 -18.868793487548828 -4.802164554595947
	-0.8661883473396301 -18.647720336914062 -3.8743162155151367
	0.6574879884719849 18.330150604248047 -3.2912864685058594
	5.234442234039307 -0.2976010739803314 -20.797260284423828
	-5.3593950271606445 0.35146012902259827 13.746745109558105
	-8.436543464660645 0.430358350276947 -18.80242156982422
	-0.21852609515190125 -17.43490219116211 -4.163331031799316
	7.9296555519104 0.39329811930656433 12.129255294799805
	-0.3667266070842743 -16.98589324951172 -2.639296054840088
	-16.699222564697266 -0.6397902369499207 -4.588405609130859
	-16.476709365844727 0.6921699047088623 -1.2389792203903198
	-0.10120075941085815 16.18189811706543 -2.5899605751037598
	0.031549885869026184 -16.028160095214844 -2.335303783416748
	-15.132570266723633 0.8274072408676147 -7.147231101989746
	13.582842826843262 -0.0693521574139595 4.8464837074279785
	0.1464676856994629 15.23325252532959 -2.5951573848724365
	4.337332248687744 1.0397766828536987 -16.590572357177734
	-9.454313278198242 -0.1606166958808899 9.265021324157715
	-0.35144561529159546 14.490771293640137 -1.1983107328414917
	-9.11420726776123 0.9688470363616943 -13.109125137329102
	-1.4528770446777344 0.1393524557352066 -15.940115928649902
	-6.569998741149902 -0.40941739082336426 -14.09744644165039
	12.914693832397461 0.8102554678916931 -5.637141704559326
	-0.11560079455375671 13.314105987548828 -1.6752111911773682
	9.980945587158203 -0.8600202798843384 6.701420307159424
	-3.768432140350342 0.9957630038261414 -13.891890525817871
	-0.10857707262039185 12.586195945739746 -0.9776990413665771
	-7.927250385284424 -0.4664294123649597 -11.064432144165039
}
ParticleFrame
{
	NumParticles 30
	5.44898796081543 0.32035771012306213 14.542718887329102
	-9.048418045043945 -0.2788148522377014 12.967630386352539
	-0.21132609248161316 -18.868793487548828 -4.802164554595947
	-0.8661883473396301 -18.647720336914062 -3.8743162155151367
	0.6574879884719849 18.330150604248047 -3.2912864685058594
	5.234442234039307 -0.2976010739803314 -20.797260284423828
	-5.3593950271606445 0.35146012902259827 13.746745109558105
	-8.436543464660645 0.430358350276947 -18.80242156982422
	-0.21852609515190125 -17.43490219116211 -4.163331031799316
	7.9296555519104 0.39329811930656433 12.129255294799805
	-0.3667266070842743 -16.98589324951172 -2.639296054840088
	-16.699222564697266 -0.6397902369499207 -4.588405609130859
	-16.476709365844727 0.6921699047088623 -1.2389792203903198
	-0.10120075941085815 16.18189811706543 -2.5899605751037598
	0.031549885869026184 -16.028160095214844 -2.335303783416748
	-15.132570266723633 0.8274072408676147 -7.147231101989746
	13.582842826843262 -0.0693521574139595 4.8464837074279785
	0.1464676856994629 15.23325252532959 -2.5951573848724365
	4.337332248687744 1.0397766828536987 -16.590572357177734
	-9.454313278198242 -0.1606166958808899 9.265021324157715
	-0.35144561529159546 14.490771293640137 -1.1983107328414917
	-9.11420726776123 0.9688470363616943 -13.109125137329102
	-1.4528770446777344 0.1393524557352066 -15.940115928649902
	-6.569998741149902 -0.40941739082336426 -14.09744644165039
	12.914693832397461 0.8102554678916931 -5.637141704559326
	-0.11560079455375671 13.314105987548828 -1.6752111911773682
	9.980945587158203 -0.8600202798843384 6.701420307159424
	-3.768432140350342 0.9957630038261414 -13.891890525817871
	-0.10857707262039185 12.586195945739746 -0.9776990413665771
	-7.927250385284424 -0.4664294123649597 -11.064432144165039
}
ParticleFrame
{
	NumParticles 30
	5.44898796081543 0.32035771012306213 14.542718887329102
	-9.048418045043945 -0.2788148522377014 12.967630386352539
	-0.21132609248161316 -18.868793487548828 -4.802164554595947
	-0.8661883473396301 -18.647720336914062 -3.8743162155151367
	0.6574879884719849 18.330150604248047 -3.2912864685058594
	5.234442234039307 -0.2976010739803314 -20.797260284423828
	-5.3593950271606445 0.35146012902259827 13.746745109558105
	-8.436543464660645 0.430358350276947 -18.80242156982422
	-0.21852609515190125 -17.43490219116211 -4.163331031799316
	7.9296555519104 0.39329811930656433 12.129255294799805
	-0.3667266070842743 -16.98589324951172 -2.639296054840088
	-16.699222564697266 -0.6397902369499207 -4.588405609130859
	-16.476709365844727 0.6921699047088623 -1.2389792203903198
	-0.10120075941085815 16.18189811706543 -2.5899605751037598
	0.031549885869026184 -16.028160095214844 -2.335303783416748
	-15.132570266723633 0.8274072408676147 -7.147231101989746
	13.582842826843262 -0.0693521574139595 4.8464837074279785
	0.1464676856994629 15.23325252532959 -2.5951573848724365
	4.337332248687744 1.0397766828536987 -16.590572357177734
	-9.454313278198242 -0.1606166958808899 9.265021324157715
	-0.35144561529159546 14.490771293640137 -1.1983107328414917
	-9.11420726776123 0.9688470363616943 -13.109125137329102
	-1.4528770446777344 0.1393524557352066 -15.940115928649902
	-6.569998741149902 -0.40941739082336426 -14.09744644165039
	12.914693832397461 0.8102554678916931 -5.637141704559326
	-0.11560079455375671 13.314105987548828 -1.6752111911773682
	9.980945587158203 -0.8600202798843384 6.701420307159424
	-3.768432140350342 0.9957630038261414 -13.891890525817871
	-0.10857707262039185 12.586195945739746 -0.9776990413665771
	-7.927250385284424 -0.4664294123649597 -11.064432144165039
}
ParticleFrame
{
	NumParticles 30
	5.44898796081543 0.32035771012306213 14.542718887329102
	-9.048418045043945 -0.2788148522377014 12.967630386352539
	-0.21132609248161316 -18.868793487548828 -4.802164554595947
	-0.8661883473396301 -18.647720336914062 -3.8743162155151367
	0.6574879884719849 18.330150604248047 -3.2912864685058594
	5.234442234039307 -0.2976010739803314 -20.797260284423828
	-5.3593950271606445 0.35146012902259827 13.746745109558105
	-8.436543464660645 0.430358350276947 -18.80242156982422
	-0.21852609515190125 -17.43490219116211 -4.163331031799316
	7.9296555519104 0.39329811930656433 12.129255294799805
	-0.3667266070842743 -16.98589324951172 -2.639296054840088
	-16.699222564697266 -0.6397902369499207 -4.588405609130859
	-16.476709365844727 0.6921699047088623 -1.2389792203903198
	-0.10120075941085815 16.18189811706543 -2.5899605751037598
	0.031549885869026184 -16.028160095214844 -2.335303783416748
	-15.132570266723633 0.8274072408676147 -7.147231101989746
	13.582842826843262 -0.0693521574139595 4.8464837074279785
	0.1464676856994629 15.23325252532959 -2.5951573848724365
	4.337332248687744 1.0397766828536987 -16.590572357177734
	-9.454313278198242 -0.1606166958808899 9.265021324157715
	-0.35144561529159546 14.490771293640137 -1.1983107328414917
	-9.11420726776123 0.9688470363616943 -13.109125137329102
	-1.4528770446777344 0.1393524557352066 -15.940115928649902
	-6.569998741149902 -0.40941739082336426 -14.09744644165039
	12.914693832397461 0.8102554678916931 -5.637141704559326
	-0.11560079455375671 13.314105987548828 -1.6752111911773682
	9.980945587158203 -0.8600202798843384 6.701420307159424
	-3.768432140350342 0.9957630038261414 -13.891890525817871
	-0.10857707262039185 12.586195945739746 -0.9776990413665771
	-7.927250385284424 -0.4664294123649597 -11.064432144165039
}
